{"message": null, "levelname": "INFO", "name": "root", "asctime": "2021-06-01 15:32:00,254", "type": "process", "argv": ["E:\\Danya\\OneDrive\\MA4\\CIVIL-459_DLAV\\project\\trajnet++\\trajnetplusplusbaselines\\trajnetbaselines\\goals_sgan\\goalsTrainer.py", "--path", "real_data", "--epochs", "40", "--augment"], "args": {"epochs": 40, "save_every": 5, "obs_length": 9, "pred_length": 12, "start_length": 0, "batch_size": 8, "output": "OUTPUT_BLOCK/real_data/goalsModel.pkl", "disable_cuda": false, "path": "real_data", "sample": 1.0, "augment": true, "normalize_scene": false, "load_state": null, "load_full_state": null, "nonstrict_load_state": null, "lr": 0.001, "k": 3, "step_size": 10}, "version": "0.1.0", "hostname": "DESKTOP-86P2L6F"}
{"message": null, "levelname": "INFO", "name": "GoalsTrainer", "asctime": "2021-06-01 15:32:39,343", "type": "train", "epoch": 0, "batch": 799, "n_batches": 10946, "time": 0.327, "data_time": 0.002, "lr": 0.001, "loss": 511.194}
{"message": null, "levelname": "INFO", "name": "GoalsTrainer", "asctime": "2021-06-01 15:33:11,022", "type": "train", "epoch": 0, "batch": 1599, "n_batches": 10946, "time": 0.31, "data_time": 0.001, "lr": 0.001, "loss": 493.131}
{"message": null, "levelname": "INFO", "name": "GoalsTrainer", "asctime": "2021-06-01 15:33:41,828", "type": "train", "epoch": 0, "batch": 2399, "n_batches": 10946, "time": 0.392, "data_time": 0.0, "lr": 0.001, "loss": 469.197}
{"message": null, "levelname": "INFO", "name": "GoalsTrainer", "asctime": "2021-06-01 15:34:13,150", "type": "train", "epoch": 0, "batch": 3199, "n_batches": 10946, "time": 0.323, "data_time": 0.001, "lr": 0.001, "loss": 336.209}
{"message": null, "levelname": "INFO", "name": "GoalsTrainer", "asctime": "2021-06-01 15:34:45,289", "type": "train", "epoch": 0, "batch": 3999, "n_batches": 10946, "time": 0.291, "data_time": 0.002, "lr": 0.001, "loss": 246.695}
{"message": null, "levelname": "INFO", "name": "GoalsTrainer", "asctime": "2021-06-01 15:35:17,206", "type": "train", "epoch": 0, "batch": 4799, "n_batches": 10946, "time": 0.256, "data_time": 0.002, "lr": 0.001, "loss": 236.933}
{"message": null, "levelname": "INFO", "name": "GoalsTrainer", "asctime": "2021-06-01 15:35:49,862", "type": "train", "epoch": 0, "batch": 5599, "n_batches": 10946, "time": 0.357, "data_time": 0.002, "lr": 0.001, "loss": 466.357}
{"message": null, "levelname": "INFO", "name": "GoalsTrainer", "asctime": "2021-06-01 15:36:21,698", "type": "train", "epoch": 0, "batch": 6399, "n_batches": 10946, "time": 0.314, "data_time": 0.001, "lr": 0.001, "loss": 378.495}
{"message": null, "levelname": "INFO", "name": "GoalsTrainer", "asctime": "2021-06-01 15:36:53,133", "type": "train", "epoch": 0, "batch": 7199, "n_batches": 10946, "time": 0.401, "data_time": 0.002, "lr": 0.001, "loss": 374.397}
{"message": null, "levelname": "INFO", "name": "GoalsTrainer", "asctime": "2021-06-01 15:37:23,875", "type": "train", "epoch": 0, "batch": 7999, "n_batches": 10946, "time": 0.223, "data_time": 0.001, "lr": 0.001, "loss": 259.895}
{"message": null, "levelname": "INFO", "name": "GoalsTrainer", "asctime": "2021-06-01 15:37:57,036", "type": "train", "epoch": 0, "batch": 8799, "n_batches": 10946, "time": 0.353, "data_time": 0.003, "lr": 0.001, "loss": 307.034}
{"message": null, "levelname": "INFO", "name": "GoalsTrainer", "asctime": "2021-06-01 15:38:29,158", "type": "train", "epoch": 0, "batch": 9599, "n_batches": 10946, "time": 0.39, "data_time": 0.002, "lr": 0.001, "loss": 256.983}
{"message": null, "levelname": "INFO", "name": "GoalsTrainer", "asctime": "2021-06-01 15:38:59,575", "type": "train", "epoch": 0, "batch": 10399, "n_batches": 10946, "time": 0.325, "data_time": 0.003, "lr": 0.001, "loss": 389.155}
{"message": null, "levelname": "INFO", "name": "GoalsTrainer", "asctime": "2021-06-01 15:39:20,264", "type": "train-epoch", "epoch": 1, "loss": 44.65339, "time": 432.7}
{"message": null, "levelname": "INFO", "name": "GoalsTrainer", "asctime": "2021-06-01 15:39:52,501", "type": "val-epoch", "epoch": 1, "loss": 0.0, "test_loss": 36.955, "time": 32.2}
{"message": null, "levelname": "INFO", "name": "GoalsTrainer", "asctime": "2021-06-01 15:40:23,561", "type": "train", "epoch": 1, "batch": 799, "n_batches": 10946, "time": 0.407, "data_time": 0.003, "lr": 0.001, "loss": 396.028}
{"message": null, "levelname": "INFO", "name": "GoalsTrainer", "asctime": "2021-06-01 15:40:55,143", "type": "train", "epoch": 1, "batch": 1599, "n_batches": 10946, "time": 0.332, "data_time": 0.003, "lr": 0.001, "loss": 322.634}
{"message": null, "levelname": "INFO", "name": "GoalsTrainer", "asctime": "2021-06-01 15:41:27,324", "type": "train", "epoch": 1, "batch": 2399, "n_batches": 10946, "time": 0.192, "data_time": 0.001, "lr": 0.001, "loss": 201.463}
{"message": null, "levelname": "INFO", "name": "GoalsTrainer", "asctime": "2021-06-01 15:41:59,529", "type": "train", "epoch": 1, "batch": 3199, "n_batches": 10946, "time": 0.219, "data_time": 0.001, "lr": 0.001, "loss": 223.256}
{"message": null, "levelname": "INFO", "name": "GoalsTrainer", "asctime": "2021-06-01 15:42:33,607", "type": "train", "epoch": 1, "batch": 3999, "n_batches": 10946, "time": 0.249, "data_time": 0.0, "lr": 0.001, "loss": 350.526}
{"message": null, "levelname": "INFO", "name": "GoalsTrainer", "asctime": "2021-06-01 15:43:07,518", "type": "train", "epoch": 1, "batch": 4799, "n_batches": 10946, "time": 0.302, "data_time": 0.002, "lr": 0.001, "loss": 391.897}
{"message": null, "levelname": "INFO", "name": "GoalsTrainer", "asctime": "2021-06-01 15:43:38,635", "type": "train", "epoch": 1, "batch": 5599, "n_batches": 10946, "time": 0.261, "data_time": 0.002, "lr": 0.001, "loss": 213.588}
{"message": null, "levelname": "INFO", "name": "GoalsTrainer", "asctime": "2021-06-01 15:44:10,077", "type": "train", "epoch": 1, "batch": 6399, "n_batches": 10946, "time": 0.213, "data_time": 0.001, "lr": 0.001, "loss": 144.744}
{"message": null, "levelname": "INFO", "name": "GoalsTrainer", "asctime": "2021-06-01 15:44:41,418", "type": "train", "epoch": 1, "batch": 7199, "n_batches": 10946, "time": 0.255, "data_time": 0.002, "lr": 0.001, "loss": 298.305}
{"message": null, "levelname": "INFO", "name": "GoalsTrainer", "asctime": "2021-06-01 15:45:14,693", "type": "train", "epoch": 1, "batch": 7999, "n_batches": 10946, "time": 0.484, "data_time": 0.002, "lr": 0.001, "loss": 356.969}
{"message": null, "levelname": "INFO", "name": "GoalsTrainer", "asctime": "2021-06-01 15:45:46,632", "type": "train", "epoch": 1, "batch": 8799, "n_batches": 10946, "time": 0.287, "data_time": 0.002, "lr": 0.001, "loss": 278.063}
{"message": null, "levelname": "INFO", "name": "GoalsTrainer", "asctime": "2021-06-01 15:46:18,615", "type": "train", "epoch": 1, "batch": 9599, "n_batches": 10946, "time": 0.326, "data_time": 0.002, "lr": 0.001, "loss": 253.121}
{"message": null, "levelname": "INFO", "name": "GoalsTrainer", "asctime": "2021-06-01 15:46:51,447", "type": "train", "epoch": 1, "batch": 10399, "n_batches": 10946, "time": 0.228, "data_time": 0.001, "lr": 0.001, "loss": 207.068}
{"message": null, "levelname": "INFO", "name": "GoalsTrainer", "asctime": "2021-06-01 15:47:12,944", "type": "train-epoch", "epoch": 2, "loss": 34.73671, "time": 440.4}
{"message": null, "levelname": "INFO", "name": "GoalsTrainer", "asctime": "2021-06-01 15:47:46,522", "type": "val-epoch", "epoch": 2, "loss": 0.0, "test_loss": 35.502, "time": 33.6}
{"message": null, "levelname": "INFO", "name": "GoalsTrainer", "asctime": "2021-06-01 15:48:19,969", "type": "train", "epoch": 2, "batch": 799, "n_batches": 10946, "time": 0.282, "data_time": 0.002, "lr": 0.001, "loss": 362.452}
{"message": null, "levelname": "INFO", "name": "GoalsTrainer", "asctime": "2021-06-01 15:48:51,644", "type": "train", "epoch": 2, "batch": 1599, "n_batches": 10946, "time": 0.265, "data_time": 0.002, "lr": 0.001, "loss": 285.831}
{"message": null, "levelname": "INFO", "name": "GoalsTrainer", "asctime": "2021-06-01 15:49:22,272", "type": "train", "epoch": 2, "batch": 2399, "n_batches": 10946, "time": 0.203, "data_time": 0.002, "lr": 0.001, "loss": 237.783}
{"message": null, "levelname": "INFO", "name": "GoalsTrainer", "asctime": "2021-06-01 15:49:54,313", "type": "train", "epoch": 2, "batch": 3199, "n_batches": 10946, "time": 0.407, "data_time": 0.002, "lr": 0.001, "loss": 302.924}
{"message": null, "levelname": "INFO", "name": "GoalsTrainer", "asctime": "2021-06-01 15:50:26,202", "type": "train", "epoch": 2, "batch": 3999, "n_batches": 10946, "time": 0.324, "data_time": 0.001, "lr": 0.001, "loss": 280.533}
{"message": null, "levelname": "INFO", "name": "GoalsTrainer", "asctime": "2021-06-01 15:50:57,629", "type": "train", "epoch": 2, "batch": 4799, "n_batches": 10946, "time": 0.275, "data_time": 0.002, "lr": 0.001, "loss": 227.008}
{"message": null, "levelname": "INFO", "name": "GoalsTrainer", "asctime": "2021-06-01 15:51:29,145", "type": "train", "epoch": 2, "batch": 5599, "n_batches": 10946, "time": 0.317, "data_time": 0.002, "lr": 0.001, "loss": 253.713}
{"message": null, "levelname": "INFO", "name": "GoalsTrainer", "asctime": "2021-06-01 15:52:01,497", "type": "train", "epoch": 2, "batch": 6399, "n_batches": 10946, "time": 0.332, "data_time": 0.003, "lr": 0.001, "loss": 294.447}
{"message": null, "levelname": "INFO", "name": "GoalsTrainer", "asctime": "2021-06-01 15:52:33,564", "type": "train", "epoch": 2, "batch": 7199, "n_batches": 10946, "time": 0.316, "data_time": 0.003, "lr": 0.001, "loss": 230.388}
{"message": null, "levelname": "INFO", "name": "GoalsTrainer", "asctime": "2021-06-01 15:53:05,778", "type": "train", "epoch": 2, "batch": 7999, "n_batches": 10946, "time": 0.243, "data_time": 0.002, "lr": 0.001, "loss": 168.993}
{"message": null, "levelname": "INFO", "name": "GoalsTrainer", "asctime": "2021-06-01 15:53:36,650", "type": "train", "epoch": 2, "batch": 8799, "n_batches": 10946, "time": 0.284, "data_time": 0.0, "lr": 0.001, "loss": 208.913}
{"message": null, "levelname": "INFO", "name": "GoalsTrainer", "asctime": "2021-06-01 15:54:09,945", "type": "train", "epoch": 2, "batch": 9599, "n_batches": 10946, "time": 0.197, "data_time": 0.003, "lr": 0.001, "loss": 171.908}
{"message": null, "levelname": "INFO", "name": "GoalsTrainer", "asctime": "2021-06-01 15:54:41,907", "type": "train", "epoch": 2, "batch": 10399, "n_batches": 10946, "time": 0.302, "data_time": 0.001, "lr": 0.001, "loss": 244.916}
{"message": null, "levelname": "INFO", "name": "GoalsTrainer", "asctime": "2021-06-01 15:55:03,919", "type": "train-epoch", "epoch": 3, "loss": 32.95077, "time": 437.4}
{"message": null, "levelname": "INFO", "name": "GoalsTrainer", "asctime": "2021-06-01 15:55:37,058", "type": "val-epoch", "epoch": 3, "loss": 0.0, "test_loss": 33.42, "time": 33.1}
{"message": null, "levelname": "INFO", "name": "GoalsTrainer", "asctime": "2021-06-01 15:56:08,636", "type": "train", "epoch": 3, "batch": 799, "n_batches": 10946, "time": 0.287, "data_time": 0.003, "lr": 0.001, "loss": 217.378}
{"message": null, "levelname": "INFO", "name": "GoalsTrainer", "asctime": "2021-06-01 15:56:42,431", "type": "train", "epoch": 3, "batch": 1599, "n_batches": 10946, "time": 0.196, "data_time": 0.001, "lr": 0.001, "loss": 209.339}
{"message": null, "levelname": "INFO", "name": "GoalsTrainer", "asctime": "2021-06-01 15:57:15,240", "type": "train", "epoch": 3, "batch": 2399, "n_batches": 10946, "time": 0.258, "data_time": 0.002, "lr": 0.001, "loss": 141.889}
{"message": null, "levelname": "INFO", "name": "GoalsTrainer", "asctime": "2021-06-01 15:57:49,783", "type": "train", "epoch": 3, "batch": 3199, "n_batches": 10946, "time": 0.366, "data_time": 0.001, "lr": 0.001, "loss": 256.861}
{"message": null, "levelname": "INFO", "name": "GoalsTrainer", "asctime": "2021-06-01 15:58:24,502", "type": "train", "epoch": 3, "batch": 3999, "n_batches": 10946, "time": 0.229, "data_time": 0.002, "lr": 0.001, "loss": 291.94}
{"message": null, "levelname": "INFO", "name": "GoalsTrainer", "asctime": "2021-06-01 15:58:57,178", "type": "train", "epoch": 3, "batch": 4799, "n_batches": 10946, "time": 0.268, "data_time": 0.002, "lr": 0.001, "loss": 234.657}
{"message": null, "levelname": "INFO", "name": "GoalsTrainer", "asctime": "2021-06-01 15:59:28,851", "type": "train", "epoch": 3, "batch": 5599, "n_batches": 10946, "time": 0.339, "data_time": 0.003, "lr": 0.001, "loss": 389.737}
{"message": null, "levelname": "INFO", "name": "GoalsTrainer", "asctime": "2021-06-01 16:00:01,383", "type": "train", "epoch": 3, "batch": 6399, "n_batches": 10946, "time": 0.283, "data_time": 0.0, "lr": 0.001, "loss": 224.159}
{"message": null, "levelname": "INFO", "name": "GoalsTrainer", "asctime": "2021-06-01 16:00:32,163", "type": "train", "epoch": 3, "batch": 7199, "n_batches": 10946, "time": 0.212, "data_time": 0.001, "lr": 0.001, "loss": 194.38}
{"message": null, "levelname": "INFO", "name": "GoalsTrainer", "asctime": "2021-06-01 16:01:04,448", "type": "train", "epoch": 3, "batch": 7999, "n_batches": 10946, "time": 0.354, "data_time": 0.003, "lr": 0.001, "loss": 279.06}
{"message": null, "levelname": "INFO", "name": "GoalsTrainer", "asctime": "2021-06-01 16:01:36,461", "type": "train", "epoch": 3, "batch": 8799, "n_batches": 10946, "time": 0.311, "data_time": 0.003, "lr": 0.001, "loss": 252.11}
{"message": null, "levelname": "INFO", "name": "GoalsTrainer", "asctime": "2021-06-01 16:02:08,619", "type": "train", "epoch": 3, "batch": 9599, "n_batches": 10946, "time": 0.333, "data_time": 0.002, "lr": 0.001, "loss": 229.708}
{"message": null, "levelname": "INFO", "name": "GoalsTrainer", "asctime": "2021-06-01 16:02:39,692", "type": "train", "epoch": 3, "batch": 10399, "n_batches": 10946, "time": 0.278, "data_time": 0.001, "lr": 0.001, "loss": 275.747}
{"message": null, "levelname": "INFO", "name": "GoalsTrainer", "asctime": "2021-06-01 16:03:01,987", "type": "train-epoch", "epoch": 4, "loss": 31.92971, "time": 444.9}
{"message": null, "levelname": "INFO", "name": "GoalsTrainer", "asctime": "2021-06-01 16:03:35,091", "type": "val-epoch", "epoch": 4, "loss": 0.0, "test_loss": 32.516, "time": 33.1}
{"message": null, "levelname": "INFO", "name": "GoalsTrainer", "asctime": "2021-06-01 16:04:08,046", "type": "train", "epoch": 4, "batch": 799, "n_batches": 10946, "time": 0.268, "data_time": 0.001, "lr": 0.001, "loss": 193.743}
{"message": null, "levelname": "INFO", "name": "GoalsTrainer", "asctime": "2021-06-01 16:04:39,750", "type": "train", "epoch": 4, "batch": 1599, "n_batches": 10946, "time": 0.305, "data_time": 0.003, "lr": 0.001, "loss": 244.423}
{"message": null, "levelname": "INFO", "name": "GoalsTrainer", "asctime": "2021-06-01 16:05:11,470", "type": "train", "epoch": 4, "batch": 2399, "n_batches": 10946, "time": 0.361, "data_time": 0.002, "lr": 0.001, "loss": 282.182}
{"message": null, "levelname": "INFO", "name": "GoalsTrainer", "asctime": "2021-06-01 16:05:43,122", "type": "train", "epoch": 4, "batch": 3199, "n_batches": 10946, "time": 0.361, "data_time": 0.001, "lr": 0.001, "loss": 228.648}
{"message": null, "levelname": "INFO", "name": "GoalsTrainer", "asctime": "2021-06-01 16:06:16,460", "type": "train", "epoch": 4, "batch": 3999, "n_batches": 10946, "time": 0.36, "data_time": 0.002, "lr": 0.001, "loss": 336.39}
{"message": null, "levelname": "INFO", "name": "GoalsTrainer", "asctime": "2021-06-01 16:06:48,850", "type": "train", "epoch": 4, "batch": 4799, "n_batches": 10946, "time": 0.288, "data_time": 0.002, "lr": 0.001, "loss": 302.611}
{"message": null, "levelname": "INFO", "name": "GoalsTrainer", "asctime": "2021-06-01 16:07:19,913", "type": "train", "epoch": 4, "batch": 5599, "n_batches": 10946, "time": 0.234, "data_time": 0.002, "lr": 0.001, "loss": 204.747}
{"message": null, "levelname": "INFO", "name": "GoalsTrainer", "asctime": "2021-06-01 16:07:53,077", "type": "train", "epoch": 4, "batch": 6399, "n_batches": 10946, "time": 0.322, "data_time": 0.003, "lr": 0.001, "loss": 334.599}
{"message": null, "levelname": "INFO", "name": "GoalsTrainer", "asctime": "2021-06-01 16:08:25,471", "type": "train", "epoch": 4, "batch": 7199, "n_batches": 10946, "time": 0.313, "data_time": 0.001, "lr": 0.001, "loss": 290.966}
{"message": null, "levelname": "INFO", "name": "GoalsTrainer", "asctime": "2021-06-01 16:08:57,642", "type": "train", "epoch": 4, "batch": 7999, "n_batches": 10946, "time": 0.386, "data_time": 0.003, "lr": 0.001, "loss": 276.558}
{"message": null, "levelname": "INFO", "name": "GoalsTrainer", "asctime": "2021-06-01 16:09:29,180", "type": "train", "epoch": 4, "batch": 8799, "n_batches": 10946, "time": 0.242, "data_time": 0.002, "lr": 0.001, "loss": 208.749}
{"message": null, "levelname": "INFO", "name": "GoalsTrainer", "asctime": "2021-06-01 16:10:00,014", "type": "train", "epoch": 4, "batch": 9599, "n_batches": 10946, "time": 0.259, "data_time": 0.002, "lr": 0.001, "loss": 217.112}
{"message": null, "levelname": "INFO", "name": "GoalsTrainer", "asctime": "2021-06-01 16:10:30,642", "type": "train", "epoch": 4, "batch": 10399, "n_batches": 10946, "time": 0.228, "data_time": 0.001, "lr": 0.001, "loss": 234.716}
{"message": null, "levelname": "INFO", "name": "GoalsTrainer", "asctime": "2021-06-01 16:10:51,431", "type": "train-epoch", "epoch": 5, "loss": 31.20357, "time": 436.3}
{"message": null, "levelname": "INFO", "name": "GoalsTrainer", "asctime": "2021-06-01 16:11:23,830", "type": "val-epoch", "epoch": 5, "loss": 0.0, "test_loss": 32.977, "time": 32.4}
{"message": null, "levelname": "INFO", "name": "GoalsTrainer", "asctime": "2021-06-01 16:11:54,493", "type": "train", "epoch": 5, "batch": 799, "n_batches": 10946, "time": 0.293, "data_time": 0.002, "lr": 0.001, "loss": 214.618}
{"message": null, "levelname": "INFO", "name": "GoalsTrainer", "asctime": "2021-06-01 16:12:25,673", "type": "train", "epoch": 5, "batch": 1599, "n_batches": 10946, "time": 0.236, "data_time": 0.001, "lr": 0.001, "loss": 225.541}
{"message": null, "levelname": "INFO", "name": "GoalsTrainer", "asctime": "2021-06-01 16:12:56,322", "type": "train", "epoch": 5, "batch": 2399, "n_batches": 10946, "time": 0.344, "data_time": 0.002, "lr": 0.001, "loss": 248.279}
{"message": null, "levelname": "INFO", "name": "GoalsTrainer", "asctime": "2021-06-01 16:13:28,889", "type": "train", "epoch": 5, "batch": 3199, "n_batches": 10946, "time": 0.317, "data_time": 0.002, "lr": 0.001, "loss": 314.081}
{"message": null, "levelname": "INFO", "name": "GoalsTrainer", "asctime": "2021-06-01 16:14:00,106", "type": "train", "epoch": 5, "batch": 3999, "n_batches": 10946, "time": 0.294, "data_time": 0.001, "lr": 0.001, "loss": 256.015}
{"message": null, "levelname": "INFO", "name": "GoalsTrainer", "asctime": "2021-06-01 16:14:32,130", "type": "train", "epoch": 5, "batch": 4799, "n_batches": 10946, "time": 0.269, "data_time": 0.002, "lr": 0.001, "loss": 187.793}
{"message": null, "levelname": "INFO", "name": "GoalsTrainer", "asctime": "2021-06-01 16:15:03,662", "type": "train", "epoch": 5, "batch": 5599, "n_batches": 10946, "time": 0.297, "data_time": 0.002, "lr": 0.001, "loss": 240.357}
{"message": null, "levelname": "INFO", "name": "GoalsTrainer", "asctime": "2021-06-01 16:15:34,615", "type": "train", "epoch": 5, "batch": 6399, "n_batches": 10946, "time": 0.349, "data_time": 0.002, "lr": 0.001, "loss": 230.464}
{"message": null, "levelname": "INFO", "name": "GoalsTrainer", "asctime": "2021-06-01 16:16:06,920", "type": "train", "epoch": 5, "batch": 7199, "n_batches": 10946, "time": 0.382, "data_time": 0.003, "lr": 0.001, "loss": 272.944}
{"message": null, "levelname": "INFO", "name": "GoalsTrainer", "asctime": "2021-06-01 16:16:41,534", "type": "train", "epoch": 5, "batch": 7999, "n_batches": 10946, "time": 0.384, "data_time": 0.002, "lr": 0.001, "loss": 254.722}
{"message": null, "levelname": "INFO", "name": "GoalsTrainer", "asctime": "2021-06-01 16:17:15,425", "type": "train", "epoch": 5, "batch": 8799, "n_batches": 10946, "time": 0.358, "data_time": 0.003, "lr": 0.001, "loss": 330.332}
{"message": null, "levelname": "INFO", "name": "GoalsTrainer", "asctime": "2021-06-01 16:17:48,682", "type": "train", "epoch": 5, "batch": 9599, "n_batches": 10946, "time": 0.316, "data_time": 0.001, "lr": 0.001, "loss": 195.804}
{"message": null, "levelname": "INFO", "name": "GoalsTrainer", "asctime": "2021-06-01 16:18:22,337", "type": "train", "epoch": 5, "batch": 10399, "n_batches": 10946, "time": 0.413, "data_time": 0.002, "lr": 0.001, "loss": 243.67}
{"message": null, "levelname": "INFO", "name": "GoalsTrainer", "asctime": "2021-06-01 16:18:45,470", "type": "train-epoch", "epoch": 6, "loss": 30.68686, "time": 441.6}
{"message": null, "levelname": "INFO", "name": "GoalsTrainer", "asctime": "2021-06-01 16:19:19,019", "type": "val-epoch", "epoch": 6, "loss": 0.0, "test_loss": 31.996, "time": 33.5}
{"message": null, "levelname": "INFO", "name": "GoalsTrainer", "asctime": "2021-06-01 16:19:50,808", "type": "train", "epoch": 6, "batch": 799, "n_batches": 10946, "time": 0.353, "data_time": 0.001, "lr": 0.001, "loss": 247.94}
{"message": null, "levelname": "INFO", "name": "GoalsTrainer", "asctime": "2021-06-01 16:20:22,475", "type": "train", "epoch": 6, "batch": 1599, "n_batches": 10946, "time": 0.323, "data_time": 0.002, "lr": 0.001, "loss": 235.108}
{"message": null, "levelname": "INFO", "name": "GoalsTrainer", "asctime": "2021-06-01 16:20:54,405", "type": "train", "epoch": 6, "batch": 2399, "n_batches": 10946, "time": 0.283, "data_time": 0.002, "lr": 0.001, "loss": 200.302}
{"message": null, "levelname": "INFO", "name": "GoalsTrainer", "asctime": "2021-06-01 16:21:26,168", "type": "train", "epoch": 6, "batch": 3199, "n_batches": 10946, "time": 0.389, "data_time": 0.002, "lr": 0.001, "loss": 349.665}
{"message": null, "levelname": "INFO", "name": "GoalsTrainer", "asctime": "2021-06-01 16:21:57,782", "type": "train", "epoch": 6, "batch": 3999, "n_batches": 10946, "time": 0.27, "data_time": 0.001, "lr": 0.001, "loss": 197.417}
{"message": null, "levelname": "INFO", "name": "GoalsTrainer", "asctime": "2021-06-01 16:22:30,507", "type": "train", "epoch": 6, "batch": 4799, "n_batches": 10946, "time": 0.278, "data_time": 0.003, "lr": 0.001, "loss": 240.396}
{"message": null, "levelname": "INFO", "name": "GoalsTrainer", "asctime": "2021-06-01 16:23:02,305", "type": "train", "epoch": 6, "batch": 5599, "n_batches": 10946, "time": 0.343, "data_time": 0.003, "lr": 0.001, "loss": 286.908}
{"message": null, "levelname": "INFO", "name": "GoalsTrainer", "asctime": "2021-06-01 16:23:35,476", "type": "train", "epoch": 6, "batch": 6399, "n_batches": 10946, "time": 0.296, "data_time": 0.002, "lr": 0.001, "loss": 281.099}
{"message": null, "levelname": "INFO", "name": "GoalsTrainer", "asctime": "2021-06-01 16:24:07,346", "type": "train", "epoch": 6, "batch": 7199, "n_batches": 10946, "time": 0.318, "data_time": 0.002, "lr": 0.001, "loss": 244.133}
{"message": null, "levelname": "INFO", "name": "GoalsTrainer", "asctime": "2021-06-01 16:24:40,105", "type": "train", "epoch": 6, "batch": 7999, "n_batches": 10946, "time": 0.378, "data_time": 0.001, "lr": 0.001, "loss": 269.509}
{"message": null, "levelname": "INFO", "name": "GoalsTrainer", "asctime": "2021-06-01 16:25:11,706", "type": "train", "epoch": 6, "batch": 8799, "n_batches": 10946, "time": 0.314, "data_time": 0.001, "lr": 0.001, "loss": 326.529}
{"message": null, "levelname": "INFO", "name": "GoalsTrainer", "asctime": "2021-06-01 16:25:44,663", "type": "train", "epoch": 6, "batch": 9599, "n_batches": 10946, "time": 0.259, "data_time": 0.001, "lr": 0.001, "loss": 190.899}
{"message": null, "levelname": "INFO", "name": "GoalsTrainer", "asctime": "2021-06-01 16:26:16,445", "type": "train", "epoch": 6, "batch": 10399, "n_batches": 10946, "time": 0.156, "data_time": 0.002, "lr": 0.001, "loss": 167.865}
{"message": null, "levelname": "INFO", "name": "GoalsTrainer", "asctime": "2021-06-01 16:26:38,813", "type": "train-epoch", "epoch": 7, "loss": 30.40338, "time": 439.8}
{"message": null, "levelname": "INFO", "name": "GoalsTrainer", "asctime": "2021-06-01 16:27:11,813", "type": "val-epoch", "epoch": 7, "loss": 0.0, "test_loss": 30.952, "time": 33.0}
{"message": null, "levelname": "INFO", "name": "GoalsTrainer", "asctime": "2021-06-01 16:27:45,340", "type": "train", "epoch": 7, "batch": 799, "n_batches": 10946, "time": 0.412, "data_time": 0.003, "lr": 0.001, "loss": 316.548}
{"message": null, "levelname": "INFO", "name": "GoalsTrainer", "asctime": "2021-06-01 16:28:17,689", "type": "train", "epoch": 7, "batch": 1599, "n_batches": 10946, "time": 0.204, "data_time": 0.0, "lr": 0.001, "loss": 222.256}
{"message": null, "levelname": "INFO", "name": "GoalsTrainer", "asctime": "2021-06-01 16:28:49,587", "type": "train", "epoch": 7, "batch": 2399, "n_batches": 10946, "time": 0.372, "data_time": 0.002, "lr": 0.001, "loss": 235.505}
{"message": null, "levelname": "INFO", "name": "GoalsTrainer", "asctime": "2021-06-01 16:29:22,102", "type": "train", "epoch": 7, "batch": 3199, "n_batches": 10946, "time": 0.41, "data_time": 0.002, "lr": 0.001, "loss": 238.638}
{"message": null, "levelname": "INFO", "name": "GoalsTrainer", "asctime": "2021-06-01 16:29:54,290", "type": "train", "epoch": 7, "batch": 3999, "n_batches": 10946, "time": 0.193, "data_time": 0.003, "lr": 0.001, "loss": 137.952}
{"message": null, "levelname": "INFO", "name": "GoalsTrainer", "asctime": "2021-06-01 16:30:26,954", "type": "train", "epoch": 7, "batch": 4799, "n_batches": 10946, "time": 0.319, "data_time": 0.002, "lr": 0.001, "loss": 284.521}
{"message": null, "levelname": "INFO", "name": "GoalsTrainer", "asctime": "2021-06-01 16:31:00,121", "type": "train", "epoch": 7, "batch": 5599, "n_batches": 10946, "time": 0.366, "data_time": 0.002, "lr": 0.001, "loss": 212.202}
{"message": null, "levelname": "INFO", "name": "GoalsTrainer", "asctime": "2021-06-01 16:31:33,746", "type": "train", "epoch": 7, "batch": 6399, "n_batches": 10946, "time": 0.283, "data_time": 0.001, "lr": 0.001, "loss": 194.694}
{"message": null, "levelname": "INFO", "name": "GoalsTrainer", "asctime": "2021-06-01 16:32:06,554", "type": "train", "epoch": 7, "batch": 7199, "n_batches": 10946, "time": 0.202, "data_time": 0.001, "lr": 0.001, "loss": 147.799}
{"message": null, "levelname": "INFO", "name": "GoalsTrainer", "asctime": "2021-06-01 16:32:38,225", "type": "train", "epoch": 7, "batch": 7999, "n_batches": 10946, "time": 0.314, "data_time": 0.002, "lr": 0.001, "loss": 248.708}
{"message": null, "levelname": "INFO", "name": "GoalsTrainer", "asctime": "2021-06-01 16:33:10,994", "type": "train", "epoch": 7, "batch": 8799, "n_batches": 10946, "time": 0.317, "data_time": 0.002, "lr": 0.001, "loss": 242.307}
{"message": null, "levelname": "INFO", "name": "GoalsTrainer", "asctime": "2021-06-01 16:33:43,997", "type": "train", "epoch": 7, "batch": 9599, "n_batches": 10946, "time": 0.344, "data_time": 0.003, "lr": 0.001, "loss": 322.375}
{"message": null, "levelname": "INFO", "name": "GoalsTrainer", "asctime": "2021-06-01 16:34:17,669", "type": "train", "epoch": 7, "batch": 10399, "n_batches": 10946, "time": 0.34, "data_time": 0.003, "lr": 0.001, "loss": 195.526}
{"message": null, "levelname": "INFO", "name": "GoalsTrainer", "asctime": "2021-06-01 16:34:40,655", "type": "train-epoch", "epoch": 8, "loss": 30.11593, "time": 448.8}
{"message": null, "levelname": "INFO", "name": "GoalsTrainer", "asctime": "2021-06-01 16:35:14,497", "type": "val-epoch", "epoch": 8, "loss": 0.0, "test_loss": 31.107, "time": 33.8}
{"message": null, "levelname": "INFO", "name": "GoalsTrainer", "asctime": "2021-06-01 16:35:47,755", "type": "train", "epoch": 8, "batch": 799, "n_batches": 10946, "time": 0.298, "data_time": 0.001, "lr": 0.001, "loss": 324.828}
{"message": null, "levelname": "INFO", "name": "GoalsTrainer", "asctime": "2021-06-01 16:36:20,278", "type": "train", "epoch": 8, "batch": 1599, "n_batches": 10946, "time": 0.376, "data_time": 0.003, "lr": 0.001, "loss": 248.208}
{"message": null, "levelname": "INFO", "name": "GoalsTrainer", "asctime": "2021-06-01 16:36:52,758", "type": "train", "epoch": 8, "batch": 2399, "n_batches": 10946, "time": 0.36, "data_time": 0.001, "lr": 0.001, "loss": 215.619}
{"message": null, "levelname": "INFO", "name": "GoalsTrainer", "asctime": "2021-06-01 16:37:25,062", "type": "train", "epoch": 8, "batch": 3199, "n_batches": 10946, "time": 0.424, "data_time": 0.002, "lr": 0.001, "loss": 297.917}
{"message": null, "levelname": "INFO", "name": "GoalsTrainer", "asctime": "2021-06-01 16:38:01,727", "type": "train", "epoch": 8, "batch": 3999, "n_batches": 10946, "time": 0.39, "data_time": 0.002, "lr": 0.001, "loss": 274.279}
{"message": null, "levelname": "INFO", "name": "GoalsTrainer", "asctime": "2021-06-01 16:38:33,372", "type": "train", "epoch": 8, "batch": 4799, "n_batches": 10946, "time": 0.338, "data_time": 0.002, "lr": 0.001, "loss": 208.199}
{"message": null, "levelname": "INFO", "name": "GoalsTrainer", "asctime": "2021-06-01 16:39:05,541", "type": "train", "epoch": 8, "batch": 5599, "n_batches": 10946, "time": 0.442, "data_time": 0.003, "lr": 0.001, "loss": 298.452}
{"message": null, "levelname": "INFO", "name": "GoalsTrainer", "asctime": "2021-06-01 16:39:37,176", "type": "train", "epoch": 8, "batch": 6399, "n_batches": 10946, "time": 0.204, "data_time": 0.001, "lr": 0.001, "loss": 171.569}
{"message": null, "levelname": "INFO", "name": "GoalsTrainer", "asctime": "2021-06-01 16:40:10,555", "type": "train", "epoch": 8, "batch": 7199, "n_batches": 10946, "time": 0.261, "data_time": 0.002, "lr": 0.001, "loss": 166.226}
{"message": null, "levelname": "INFO", "name": "GoalsTrainer", "asctime": "2021-06-01 16:40:42,552", "type": "train", "epoch": 8, "batch": 7999, "n_batches": 10946, "time": 0.261, "data_time": 0.001, "lr": 0.001, "loss": 225.437}
{"message": null, "levelname": "INFO", "name": "GoalsTrainer", "asctime": "2021-06-01 16:41:15,615", "type": "train", "epoch": 8, "batch": 8799, "n_batches": 10946, "time": 0.35, "data_time": 0.001, "lr": 0.001, "loss": 199.955}
{"message": null, "levelname": "INFO", "name": "GoalsTrainer", "asctime": "2021-06-01 16:41:48,210", "type": "train", "epoch": 8, "batch": 9599, "n_batches": 10946, "time": 0.388, "data_time": 0.001, "lr": 0.001, "loss": 189.594}
{"message": null, "levelname": "INFO", "name": "GoalsTrainer", "asctime": "2021-06-01 16:42:21,035", "type": "train", "epoch": 8, "batch": 10399, "n_batches": 10946, "time": 0.373, "data_time": 0.001, "lr": 0.001, "loss": 276.706}
{"message": null, "levelname": "INFO", "name": "GoalsTrainer", "asctime": "2021-06-01 16:42:44,191", "type": "train-epoch", "epoch": 9, "loss": 29.89582, "time": 449.7}
{"message": null, "levelname": "INFO", "name": "GoalsTrainer", "asctime": "2021-06-01 16:43:18,852", "type": "val-epoch", "epoch": 9, "loss": 0.0, "test_loss": 30.349, "time": 34.7}
{"message": null, "levelname": "INFO", "name": "GoalsTrainer", "asctime": "2021-06-01 16:43:51,134", "type": "train", "epoch": 9, "batch": 799, "n_batches": 10946, "time": 0.22, "data_time": 0.002, "lr": 0.001, "loss": 179.441}
{"message": null, "levelname": "INFO", "name": "GoalsTrainer", "asctime": "2021-06-01 16:44:23,000", "type": "train", "epoch": 9, "batch": 1599, "n_batches": 10946, "time": 0.343, "data_time": 0.001, "lr": 0.001, "loss": 253.56}
{"message": null, "levelname": "INFO", "name": "GoalsTrainer", "asctime": "2021-06-01 16:44:56,254", "type": "train", "epoch": 9, "batch": 2399, "n_batches": 10946, "time": 0.285, "data_time": 0.002, "lr": 0.001, "loss": 161.467}
{"message": null, "levelname": "INFO", "name": "GoalsTrainer", "asctime": "2021-06-01 16:45:27,394", "type": "train", "epoch": 9, "batch": 3199, "n_batches": 10946, "time": 0.196, "data_time": 0.002, "lr": 0.001, "loss": 126.565}
{"message": null, "levelname": "INFO", "name": "GoalsTrainer", "asctime": "2021-06-01 16:45:59,489", "type": "train", "epoch": 9, "batch": 3999, "n_batches": 10946, "time": 0.295, "data_time": 0.002, "lr": 0.001, "loss": 332.803}
{"message": null, "levelname": "INFO", "name": "GoalsTrainer", "asctime": "2021-06-01 16:46:32,621", "type": "train", "epoch": 9, "batch": 4799, "n_batches": 10946, "time": 0.244, "data_time": 0.0, "lr": 0.001, "loss": 191.132}
{"message": null, "levelname": "INFO", "name": "GoalsTrainer", "asctime": "2021-06-01 16:47:04,797", "type": "train", "epoch": 9, "batch": 5599, "n_batches": 10946, "time": 0.426, "data_time": 0.0, "lr": 0.001, "loss": 324.376}
{"message": null, "levelname": "INFO", "name": "GoalsTrainer", "asctime": "2021-06-01 16:47:36,591", "type": "train", "epoch": 9, "batch": 6399, "n_batches": 10946, "time": 0.261, "data_time": 0.003, "lr": 0.001, "loss": 168.622}
{"message": null, "levelname": "INFO", "name": "GoalsTrainer", "asctime": "2021-06-01 16:48:11,261", "type": "train", "epoch": 9, "batch": 7199, "n_batches": 10946, "time": 0.404, "data_time": 0.003, "lr": 0.001, "loss": 275.305}
{"message": null, "levelname": "INFO", "name": "GoalsTrainer", "asctime": "2021-06-01 16:48:43,900", "type": "train", "epoch": 9, "batch": 7999, "n_batches": 10946, "time": 0.238, "data_time": 0.0, "lr": 0.001, "loss": 175.468}
{"message": null, "levelname": "INFO", "name": "GoalsTrainer", "asctime": "2021-06-01 16:49:14,462", "type": "train", "epoch": 9, "batch": 8799, "n_batches": 10946, "time": 0.315, "data_time": 0.001, "lr": 0.001, "loss": 216.018}
{"message": null, "levelname": "INFO", "name": "GoalsTrainer", "asctime": "2021-06-01 16:49:47,185", "type": "train", "epoch": 9, "batch": 9599, "n_batches": 10946, "time": 0.302, "data_time": 0.002, "lr": 0.001, "loss": 190.249}
{"message": null, "levelname": "INFO", "name": "GoalsTrainer", "asctime": "2021-06-01 16:50:18,736", "type": "train", "epoch": 9, "batch": 10399, "n_batches": 10946, "time": 0.462, "data_time": 0.001, "lr": 0.001, "loss": 345.254}
{"message": null, "levelname": "INFO", "name": "GoalsTrainer", "asctime": "2021-06-01 16:50:40,790", "type": "train-epoch", "epoch": 10, "loss": 29.68421, "time": 441.9}
{"message": null, "levelname": "INFO", "name": "GoalsTrainer", "asctime": "2021-06-01 16:51:13,343", "type": "val-epoch", "epoch": 10, "loss": 0.0, "test_loss": 31.17, "time": 32.6}
{"message": null, "levelname": "INFO", "name": "GoalsTrainer", "asctime": "2021-06-01 16:51:45,213", "type": "train", "epoch": 10, "batch": 799, "n_batches": 10946, "time": 0.277, "data_time": 0.002, "lr": 0.0001, "loss": 261.592}
{"message": null, "levelname": "INFO", "name": "GoalsTrainer", "asctime": "2021-06-01 16:52:17,111", "type": "train", "epoch": 10, "batch": 1599, "n_batches": 10946, "time": 0.256, "data_time": 0.001, "lr": 0.0001, "loss": 146.982}
{"message": null, "levelname": "INFO", "name": "GoalsTrainer", "asctime": "2021-06-01 16:52:48,756", "type": "train", "epoch": 10, "batch": 2399, "n_batches": 10946, "time": 0.261, "data_time": 0.002, "lr": 0.0001, "loss": 230.233}
{"message": null, "levelname": "INFO", "name": "GoalsTrainer", "asctime": "2021-06-01 16:53:21,120", "type": "train", "epoch": 10, "batch": 3199, "n_batches": 10946, "time": 0.299, "data_time": 0.001, "lr": 0.0001, "loss": 255.091}
{"message": null, "levelname": "INFO", "name": "GoalsTrainer", "asctime": "2021-06-01 16:53:53,973", "type": "train", "epoch": 10, "batch": 3999, "n_batches": 10946, "time": 0.313, "data_time": 0.001, "lr": 0.0001, "loss": 239.414}
{"message": null, "levelname": "INFO", "name": "GoalsTrainer", "asctime": "2021-06-01 16:54:28,677", "type": "train", "epoch": 10, "batch": 4799, "n_batches": 10946, "time": 0.446, "data_time": 0.002, "lr": 0.0001, "loss": 259.557}
{"message": null, "levelname": "INFO", "name": "GoalsTrainer", "asctime": "2021-06-01 16:55:01,297", "type": "train", "epoch": 10, "batch": 5599, "n_batches": 10946, "time": 0.17, "data_time": 0.002, "lr": 0.0001, "loss": 149.09}
{"message": null, "levelname": "INFO", "name": "GoalsTrainer", "asctime": "2021-06-01 16:55:37,737", "type": "train", "epoch": 10, "batch": 6399, "n_batches": 10946, "time": 0.508, "data_time": 0.003, "lr": 0.0001, "loss": 256.371}
{"message": null, "levelname": "INFO", "name": "GoalsTrainer", "asctime": "2021-06-01 16:56:12,150", "type": "train", "epoch": 10, "batch": 7199, "n_batches": 10946, "time": 0.219, "data_time": 0.002, "lr": 0.0001, "loss": 190.127}
{"message": null, "levelname": "INFO", "name": "GoalsTrainer", "asctime": "2021-06-01 16:56:49,072", "type": "train", "epoch": 10, "batch": 7999, "n_batches": 10946, "time": 0.271, "data_time": 0.002, "lr": 0.0001, "loss": 153.725}
{"message": null, "levelname": "INFO", "name": "GoalsTrainer", "asctime": "2021-06-01 16:57:24,425", "type": "train", "epoch": 10, "batch": 8799, "n_batches": 10946, "time": 0.368, "data_time": 0.003, "lr": 0.0001, "loss": 218.691}
{"message": null, "levelname": "INFO", "name": "GoalsTrainer", "asctime": "2021-06-01 16:57:59,678", "type": "train", "epoch": 10, "batch": 9599, "n_batches": 10946, "time": 0.36, "data_time": 0.001, "lr": 0.0001, "loss": 203.132}
{"message": null, "levelname": "INFO", "name": "GoalsTrainer", "asctime": "2021-06-01 16:58:35,804", "type": "train", "epoch": 10, "batch": 10399, "n_batches": 10946, "time": 0.293, "data_time": 0.002, "lr": 0.0001, "loss": 198.613}
{"message": null, "levelname": "INFO", "name": "GoalsTrainer", "asctime": "2021-06-01 16:59:01,011", "type": "train-epoch", "epoch": 11, "loss": 28.88624, "time": 467.7}
{"message": null, "levelname": "INFO", "name": "GoalsTrainer", "asctime": "2021-06-01 16:59:37,226", "type": "val-epoch", "epoch": 11, "loss": 0.0, "test_loss": 30.002, "time": 36.2}
{"message": null, "levelname": "INFO", "name": "GoalsTrainer", "asctime": "2021-06-01 17:00:21,586", "type": "train", "epoch": 11, "batch": 799, "n_batches": 10946, "time": 0.176, "data_time": 0.002, "lr": 0.0001, "loss": 134.084}
{"message": null, "levelname": "INFO", "name": "GoalsTrainer", "asctime": "2021-06-01 17:00:58,936", "type": "train", "epoch": 11, "batch": 1599, "n_batches": 10946, "time": 0.427, "data_time": 0.002, "lr": 0.0001, "loss": 273.734}
{"message": null, "levelname": "INFO", "name": "GoalsTrainer", "asctime": "2021-06-01 17:01:33,102", "type": "train", "epoch": 11, "batch": 2399, "n_batches": 10946, "time": 0.316, "data_time": 0.003, "lr": 0.0001, "loss": 213.609}
{"message": null, "levelname": "INFO", "name": "GoalsTrainer", "asctime": "2021-06-01 17:02:08,361", "type": "train", "epoch": 11, "batch": 3199, "n_batches": 10946, "time": 0.428, "data_time": 0.003, "lr": 0.0001, "loss": 362.734}
{"message": null, "levelname": "INFO", "name": "GoalsTrainer", "asctime": "2021-06-01 17:02:42,001", "type": "train", "epoch": 11, "batch": 3999, "n_batches": 10946, "time": 0.467, "data_time": 0.003, "lr": 0.0001, "loss": 276.124}
{"message": null, "levelname": "INFO", "name": "GoalsTrainer", "asctime": "2021-06-01 17:03:15,455", "type": "train", "epoch": 11, "batch": 4799, "n_batches": 10946, "time": 0.339, "data_time": 0.003, "lr": 0.0001, "loss": 267.68}
{"message": null, "levelname": "INFO", "name": "GoalsTrainer", "asctime": "2021-06-01 17:03:50,806", "type": "train", "epoch": 11, "batch": 5599, "n_batches": 10946, "time": 0.428, "data_time": 0.003, "lr": 0.0001, "loss": 257.718}
{"message": null, "levelname": "INFO", "name": "GoalsTrainer", "asctime": "2021-06-01 17:04:23,855", "type": "train", "epoch": 11, "batch": 6399, "n_batches": 10946, "time": 0.336, "data_time": 0.002, "lr": 0.0001, "loss": 267.845}
{"message": null, "levelname": "INFO", "name": "GoalsTrainer", "asctime": "2021-06-01 17:04:54,781", "type": "train", "epoch": 11, "batch": 7199, "n_batches": 10946, "time": 0.294, "data_time": 0.002, "lr": 0.0001, "loss": 221.443}
{"message": null, "levelname": "INFO", "name": "GoalsTrainer", "asctime": "2021-06-01 17:05:27,275", "type": "train", "epoch": 11, "batch": 7999, "n_batches": 10946, "time": 0.285, "data_time": 0.001, "lr": 0.0001, "loss": 226.033}
{"message": null, "levelname": "INFO", "name": "GoalsTrainer", "asctime": "2021-06-01 17:05:59,962", "type": "train", "epoch": 11, "batch": 8799, "n_batches": 10946, "time": 0.375, "data_time": 0.003, "lr": 0.0001, "loss": 231.443}
{"message": null, "levelname": "INFO", "name": "GoalsTrainer", "asctime": "2021-06-01 17:06:32,280", "type": "train", "epoch": 11, "batch": 9599, "n_batches": 10946, "time": 0.334, "data_time": 0.001, "lr": 0.0001, "loss": 360.366}
{"message": null, "levelname": "INFO", "name": "GoalsTrainer", "asctime": "2021-06-01 17:07:03,567", "type": "train", "epoch": 11, "batch": 10399, "n_batches": 10946, "time": 0.276, "data_time": 0.001, "lr": 0.0001, "loss": 199.696}
{"message": null, "levelname": "INFO", "name": "GoalsTrainer", "asctime": "2021-06-01 17:07:26,099", "type": "train-epoch", "epoch": 12, "loss": 28.73393, "time": 468.9}
{"message": null, "levelname": "INFO", "name": "GoalsTrainer", "asctime": "2021-06-01 17:08:01,457", "type": "val-epoch", "epoch": 12, "loss": 0.0, "test_loss": 29.906, "time": 35.4}
{"message": null, "levelname": "INFO", "name": "GoalsTrainer", "asctime": "2021-06-01 17:08:33,726", "type": "train", "epoch": 12, "batch": 799, "n_batches": 10946, "time": 0.224, "data_time": 0.002, "lr": 0.0001, "loss": 193.23}
{"message": null, "levelname": "INFO", "name": "GoalsTrainer", "asctime": "2021-06-01 17:09:05,474", "type": "train", "epoch": 12, "batch": 1599, "n_batches": 10946, "time": 0.425, "data_time": 0.002, "lr": 0.0001, "loss": 285.671}
{"message": null, "levelname": "INFO", "name": "GoalsTrainer", "asctime": "2021-06-01 17:09:37,604", "type": "train", "epoch": 12, "batch": 2399, "n_batches": 10946, "time": 0.321, "data_time": 0.001, "lr": 0.0001, "loss": 286.819}
{"message": null, "levelname": "INFO", "name": "GoalsTrainer", "asctime": "2021-06-01 17:10:10,808", "type": "train", "epoch": 12, "batch": 3199, "n_batches": 10946, "time": 0.198, "data_time": 0.0, "lr": 0.0001, "loss": 150.917}
{"message": null, "levelname": "INFO", "name": "GoalsTrainer", "asctime": "2021-06-01 17:10:42,214", "type": "train", "epoch": 12, "batch": 3999, "n_batches": 10946, "time": 0.259, "data_time": 0.002, "lr": 0.0001, "loss": 131.072}
{"message": null, "levelname": "INFO", "name": "GoalsTrainer", "asctime": "2021-06-01 17:11:13,647", "type": "train", "epoch": 12, "batch": 4799, "n_batches": 10946, "time": 0.285, "data_time": 0.004, "lr": 0.0001, "loss": 195.391}
{"message": null, "levelname": "INFO", "name": "GoalsTrainer", "asctime": "2021-06-01 17:11:44,504", "type": "train", "epoch": 12, "batch": 5599, "n_batches": 10946, "time": 0.332, "data_time": 0.002, "lr": 0.0001, "loss": 216.616}
{"message": null, "levelname": "INFO", "name": "GoalsTrainer", "asctime": "2021-06-01 17:12:15,393", "type": "train", "epoch": 12, "batch": 6399, "n_batches": 10946, "time": 0.418, "data_time": 0.002, "lr": 0.0001, "loss": 241.718}
{"message": null, "levelname": "INFO", "name": "GoalsTrainer", "asctime": "2021-06-01 17:12:47,631", "type": "train", "epoch": 12, "batch": 7199, "n_batches": 10946, "time": 0.323, "data_time": 0.001, "lr": 0.0001, "loss": 196.993}
{"message": null, "levelname": "INFO", "name": "GoalsTrainer", "asctime": "2021-06-01 17:13:19,609", "type": "train", "epoch": 12, "batch": 7999, "n_batches": 10946, "time": 0.272, "data_time": 0.0, "lr": 0.0001, "loss": 221.421}
{"message": null, "levelname": "INFO", "name": "GoalsTrainer", "asctime": "2021-06-01 17:13:52,444", "type": "train", "epoch": 12, "batch": 8799, "n_batches": 10946, "time": 0.314, "data_time": 0.002, "lr": 0.0001, "loss": 282.361}
{"message": null, "levelname": "INFO", "name": "GoalsTrainer", "asctime": "2021-06-01 17:14:25,422", "type": "train", "epoch": 12, "batch": 9599, "n_batches": 10946, "time": 0.292, "data_time": 0.004, "lr": 0.0001, "loss": 177.822}
{"message": null, "levelname": "INFO", "name": "GoalsTrainer", "asctime": "2021-06-01 17:14:57,524", "type": "train", "epoch": 12, "batch": 10399, "n_batches": 10946, "time": 0.316, "data_time": 0.001, "lr": 0.0001, "loss": 277.03}
{"message": null, "levelname": "INFO", "name": "GoalsTrainer", "asctime": "2021-06-01 17:15:19,915", "type": "train-epoch", "epoch": 13, "loss": 28.65292, "time": 438.5}
{"message": null, "levelname": "INFO", "name": "GoalsTrainer", "asctime": "2021-06-01 17:15:55,912", "type": "val-epoch", "epoch": 13, "loss": 0.0, "test_loss": 29.759, "time": 36.0}
{"message": null, "levelname": "INFO", "name": "GoalsTrainer", "asctime": "2021-06-01 17:16:30,690", "type": "train", "epoch": 13, "batch": 799, "n_batches": 10946, "time": 0.374, "data_time": 0.002, "lr": 0.0001, "loss": 317.117}
{"message": null, "levelname": "INFO", "name": "GoalsTrainer", "asctime": "2021-06-01 17:17:04,447", "type": "train", "epoch": 13, "batch": 1599, "n_batches": 10946, "time": 0.427, "data_time": 0.003, "lr": 0.0001, "loss": 316.635}
{"message": null, "levelname": "INFO", "name": "GoalsTrainer", "asctime": "2021-06-01 17:17:37,205", "type": "train", "epoch": 13, "batch": 2399, "n_batches": 10946, "time": 0.325, "data_time": 0.001, "lr": 0.0001, "loss": 213.884}
{"message": null, "levelname": "INFO", "name": "GoalsTrainer", "asctime": "2021-06-01 17:18:11,208", "type": "train", "epoch": 13, "batch": 3199, "n_batches": 10946, "time": 0.431, "data_time": 0.004, "lr": 0.0001, "loss": 229.319}
{"message": null, "levelname": "INFO", "name": "GoalsTrainer", "asctime": "2021-06-01 17:18:44,402", "type": "train", "epoch": 13, "batch": 3999, "n_batches": 10946, "time": 0.424, "data_time": 0.001, "lr": 0.0001, "loss": 261.472}
{"message": null, "levelname": "INFO", "name": "GoalsTrainer", "asctime": "2021-06-01 17:19:15,821", "type": "train", "epoch": 13, "batch": 4799, "n_batches": 10946, "time": 0.391, "data_time": 0.002, "lr": 0.0001, "loss": 186.196}
{"message": null, "levelname": "INFO", "name": "GoalsTrainer", "asctime": "2021-06-01 17:19:48,342", "type": "train", "epoch": 13, "batch": 5599, "n_batches": 10946, "time": 0.347, "data_time": 0.003, "lr": 0.0001, "loss": 304.01}
{"message": null, "levelname": "INFO", "name": "GoalsTrainer", "asctime": "2021-06-01 17:20:19,726", "type": "train", "epoch": 13, "batch": 6399, "n_batches": 10946, "time": 0.346, "data_time": 0.002, "lr": 0.0001, "loss": 194.074}
{"message": null, "levelname": "INFO", "name": "GoalsTrainer", "asctime": "2021-06-01 17:20:51,092", "type": "train", "epoch": 13, "batch": 7199, "n_batches": 10946, "time": 0.353, "data_time": 0.002, "lr": 0.0001, "loss": 249.952}
{"message": null, "levelname": "INFO", "name": "GoalsTrainer", "asctime": "2021-06-01 17:21:24,113", "type": "train", "epoch": 13, "batch": 7999, "n_batches": 10946, "time": 0.282, "data_time": 0.001, "lr": 0.0001, "loss": 266.134}
{"message": null, "levelname": "INFO", "name": "GoalsTrainer", "asctime": "2021-06-01 17:21:57,563", "type": "train", "epoch": 13, "batch": 8799, "n_batches": 10946, "time": 0.262, "data_time": 0.003, "lr": 0.0001, "loss": 208.064}
{"message": null, "levelname": "INFO", "name": "GoalsTrainer", "asctime": "2021-06-01 17:22:30,562", "type": "train", "epoch": 13, "batch": 9599, "n_batches": 10946, "time": 0.254, "data_time": 0.002, "lr": 0.0001, "loss": 164.872}
{"message": null, "levelname": "INFO", "name": "GoalsTrainer", "asctime": "2021-06-01 17:23:02,982", "type": "train", "epoch": 13, "batch": 10399, "n_batches": 10946, "time": 0.464, "data_time": 0.003, "lr": 0.0001, "loss": 304.136}
{"message": null, "levelname": "INFO", "name": "GoalsTrainer", "asctime": "2021-06-01 17:23:25,048", "type": "train-epoch", "epoch": 14, "loss": 28.57806, "time": 449.1}
{"message": null, "levelname": "INFO", "name": "GoalsTrainer", "asctime": "2021-06-01 17:23:57,634", "type": "val-epoch", "epoch": 14, "loss": 0.0, "test_loss": 29.771, "time": 32.6}
{"message": null, "levelname": "INFO", "name": "GoalsTrainer", "asctime": "2021-06-01 17:24:28,989", "type": "train", "epoch": 14, "batch": 799, "n_batches": 10946, "time": 0.291, "data_time": 0.001, "lr": 0.0001, "loss": 207.008}
{"message": null, "levelname": "INFO", "name": "GoalsTrainer", "asctime": "2021-06-01 17:25:01,100", "type": "train", "epoch": 14, "batch": 1599, "n_batches": 10946, "time": 0.295, "data_time": 0.002, "lr": 0.0001, "loss": 254.218}
{"message": null, "levelname": "INFO", "name": "GoalsTrainer", "asctime": "2021-06-01 17:25:33,193", "type": "train", "epoch": 14, "batch": 2399, "n_batches": 10946, "time": 0.254, "data_time": 0.002, "lr": 0.0001, "loss": 205.562}
{"message": null, "levelname": "INFO", "name": "GoalsTrainer", "asctime": "2021-06-01 17:26:06,018", "type": "train", "epoch": 14, "batch": 3199, "n_batches": 10946, "time": 0.339, "data_time": 0.002, "lr": 0.0001, "loss": 236.417}
{"message": null, "levelname": "INFO", "name": "GoalsTrainer", "asctime": "2021-06-01 17:26:37,408", "type": "train", "epoch": 14, "batch": 3999, "n_batches": 10946, "time": 0.24, "data_time": 0.001, "lr": 0.0001, "loss": 251.21}
{"message": null, "levelname": "INFO", "name": "GoalsTrainer", "asctime": "2021-06-01 17:27:09,504", "type": "train", "epoch": 14, "batch": 4799, "n_batches": 10946, "time": 0.36, "data_time": 0.002, "lr": 0.0001, "loss": 213.959}
{"message": null, "levelname": "INFO", "name": "GoalsTrainer", "asctime": "2021-06-01 17:27:41,432", "type": "train", "epoch": 14, "batch": 5599, "n_batches": 10946, "time": 0.315, "data_time": 0.001, "lr": 0.0001, "loss": 224.667}
{"message": null, "levelname": "INFO", "name": "GoalsTrainer", "asctime": "2021-06-01 17:28:13,165", "type": "train", "epoch": 14, "batch": 6399, "n_batches": 10946, "time": 0.247, "data_time": 0.001, "lr": 0.0001, "loss": 279.926}
{"message": null, "levelname": "INFO", "name": "GoalsTrainer", "asctime": "2021-06-01 17:28:45,391", "type": "train", "epoch": 14, "batch": 7199, "n_batches": 10946, "time": 0.34, "data_time": 0.002, "lr": 0.0001, "loss": 253.579}
{"message": null, "levelname": "INFO", "name": "GoalsTrainer", "asctime": "2021-06-01 17:29:17,215", "type": "train", "epoch": 14, "batch": 7999, "n_batches": 10946, "time": 0.271, "data_time": 0.002, "lr": 0.0001, "loss": 220.13}
{"message": null, "levelname": "INFO", "name": "GoalsTrainer", "asctime": "2021-06-01 17:29:49,151", "type": "train", "epoch": 14, "batch": 8799, "n_batches": 10946, "time": 0.342, "data_time": 0.001, "lr": 0.0001, "loss": 221.447}
{"message": null, "levelname": "INFO", "name": "GoalsTrainer", "asctime": "2021-06-01 17:30:20,392", "type": "train", "epoch": 14, "batch": 9599, "n_batches": 10946, "time": 0.353, "data_time": 0.002, "lr": 0.0001, "loss": 238.68}
{"message": null, "levelname": "INFO", "name": "GoalsTrainer", "asctime": "2021-06-01 17:30:52,620", "type": "train", "epoch": 14, "batch": 10399, "n_batches": 10946, "time": 0.362, "data_time": 0.003, "lr": 0.0001, "loss": 214.238}
{"message": null, "levelname": "INFO", "name": "GoalsTrainer", "asctime": "2021-06-01 17:31:15,599", "type": "train-epoch", "epoch": 15, "loss": 28.55771, "time": 438.0}
{"message": null, "levelname": "INFO", "name": "GoalsTrainer", "asctime": "2021-06-01 17:31:48,802", "type": "val-epoch", "epoch": 15, "loss": 0.0, "test_loss": 29.65, "time": 33.2}
{"message": null, "levelname": "INFO", "name": "GoalsTrainer", "asctime": "2021-06-01 17:32:20,198", "type": "train", "epoch": 15, "batch": 799, "n_batches": 10946, "time": 0.287, "data_time": 0.003, "lr": 0.0001, "loss": 181.918}
{"message": null, "levelname": "INFO", "name": "GoalsTrainer", "asctime": "2021-06-01 17:32:52,068", "type": "train", "epoch": 15, "batch": 1599, "n_batches": 10946, "time": 0.312, "data_time": 0.002, "lr": 0.0001, "loss": 202.55}
{"message": null, "levelname": "INFO", "name": "GoalsTrainer", "asctime": "2021-06-01 17:33:23,599", "type": "train", "epoch": 15, "batch": 2399, "n_batches": 10946, "time": 0.26, "data_time": 0.002, "lr": 0.0001, "loss": 207.418}
{"message": null, "levelname": "INFO", "name": "GoalsTrainer", "asctime": "2021-06-01 17:33:55,696", "type": "train", "epoch": 15, "batch": 3199, "n_batches": 10946, "time": 0.354, "data_time": 0.002, "lr": 0.0001, "loss": 296.458}
{"message": null, "levelname": "INFO", "name": "GoalsTrainer", "asctime": "2021-06-01 17:34:28,335", "type": "train", "epoch": 15, "batch": 3999, "n_batches": 10946, "time": 0.216, "data_time": 0.002, "lr": 0.0001, "loss": 186.653}
{"message": null, "levelname": "INFO", "name": "GoalsTrainer", "asctime": "2021-06-01 17:34:59,885", "type": "train", "epoch": 15, "batch": 4799, "n_batches": 10946, "time": 0.334, "data_time": 0.002, "lr": 0.0001, "loss": 239.976}
{"message": null, "levelname": "INFO", "name": "GoalsTrainer", "asctime": "2021-06-01 17:35:31,088", "type": "train", "epoch": 15, "batch": 5599, "n_batches": 10946, "time": 0.254, "data_time": 0.003, "lr": 0.0001, "loss": 165.547}
{"message": null, "levelname": "INFO", "name": "GoalsTrainer", "asctime": "2021-06-01 17:36:01,782", "type": "train", "epoch": 15, "batch": 6399, "n_batches": 10946, "time": 0.325, "data_time": 0.003, "lr": 0.0001, "loss": 193.911}
{"message": null, "levelname": "INFO", "name": "GoalsTrainer", "asctime": "2021-06-01 17:36:34,635", "type": "train", "epoch": 15, "batch": 7199, "n_batches": 10946, "time": 0.308, "data_time": 0.003, "lr": 0.0001, "loss": 176.602}
{"message": null, "levelname": "INFO", "name": "GoalsTrainer", "asctime": "2021-06-01 17:37:08,013", "type": "train", "epoch": 15, "batch": 7999, "n_batches": 10946, "time": 0.319, "data_time": 0.001, "lr": 0.0001, "loss": 231.061}
{"message": null, "levelname": "INFO", "name": "GoalsTrainer", "asctime": "2021-06-01 17:37:38,140", "type": "train", "epoch": 15, "batch": 8799, "n_batches": 10946, "time": 0.332, "data_time": 0.002, "lr": 0.0001, "loss": 223.985}
{"message": null, "levelname": "INFO", "name": "GoalsTrainer", "asctime": "2021-06-01 17:38:11,116", "type": "train", "epoch": 15, "batch": 9599, "n_batches": 10946, "time": 0.332, "data_time": 0.001, "lr": 0.0001, "loss": 221.523}
{"message": null, "levelname": "INFO", "name": "GoalsTrainer", "asctime": "2021-06-01 17:38:42,841", "type": "train", "epoch": 15, "batch": 10399, "n_batches": 10946, "time": 0.405, "data_time": 0.002, "lr": 0.0001, "loss": 260.266}
{"message": null, "levelname": "INFO", "name": "GoalsTrainer", "asctime": "2021-06-01 17:39:05,035", "type": "train-epoch", "epoch": 16, "loss": 28.62687, "time": 436.2}
{"message": null, "levelname": "INFO", "name": "GoalsTrainer", "asctime": "2021-06-01 17:39:38,447", "type": "val-epoch", "epoch": 16, "loss": 0.0, "test_loss": 29.57, "time": 33.4}
{"message": null, "levelname": "INFO", "name": "GoalsTrainer", "asctime": "2021-06-01 17:40:08,132", "type": "train", "epoch": 16, "batch": 799, "n_batches": 10946, "time": 0.221, "data_time": 0.001, "lr": 0.0001, "loss": 203.554}
{"message": null, "levelname": "INFO", "name": "GoalsTrainer", "asctime": "2021-06-01 17:40:39,650", "type": "train", "epoch": 16, "batch": 1599, "n_batches": 10946, "time": 0.436, "data_time": 0.003, "lr": 0.0001, "loss": 346.011}
{"message": null, "levelname": "INFO", "name": "GoalsTrainer", "asctime": "2021-06-01 17:41:10,766", "type": "train", "epoch": 16, "batch": 2399, "n_batches": 10946, "time": 0.309, "data_time": 0.0, "lr": 0.0001, "loss": 331.26}
{"message": null, "levelname": "INFO", "name": "GoalsTrainer", "asctime": "2021-06-01 17:41:42,485", "type": "train", "epoch": 16, "batch": 3199, "n_batches": 10946, "time": 0.412, "data_time": 0.002, "lr": 0.0001, "loss": 266.186}
{"message": null, "levelname": "INFO", "name": "GoalsTrainer", "asctime": "2021-06-01 17:42:14,509", "type": "train", "epoch": 16, "batch": 3999, "n_batches": 10946, "time": 0.169, "data_time": 0.001, "lr": 0.0001, "loss": 179.49}
{"message": null, "levelname": "INFO", "name": "GoalsTrainer", "asctime": "2021-06-01 17:42:45,716", "type": "train", "epoch": 16, "batch": 4799, "n_batches": 10946, "time": 0.395, "data_time": 0.003, "lr": 0.0001, "loss": 264.807}
{"message": null, "levelname": "INFO", "name": "GoalsTrainer", "asctime": "2021-06-01 17:43:17,603", "type": "train", "epoch": 16, "batch": 5599, "n_batches": 10946, "time": 0.305, "data_time": 0.002, "lr": 0.0001, "loss": 205.557}
{"message": null, "levelname": "INFO", "name": "GoalsTrainer", "asctime": "2021-06-01 17:43:48,935", "type": "train", "epoch": 16, "batch": 6399, "n_batches": 10946, "time": 0.25, "data_time": 0.001, "lr": 0.0001, "loss": 217.413}
{"message": null, "levelname": "INFO", "name": "GoalsTrainer", "asctime": "2021-06-01 17:44:22,996", "type": "train", "epoch": 16, "batch": 7199, "n_batches": 10946, "time": 0.338, "data_time": 0.002, "lr": 0.0001, "loss": 221.964}
{"message": null, "levelname": "INFO", "name": "GoalsTrainer", "asctime": "2021-06-01 17:44:55,267", "type": "train", "epoch": 16, "batch": 7999, "n_batches": 10946, "time": 0.254, "data_time": 0.0, "lr": 0.0001, "loss": 126.36}
{"message": null, "levelname": "INFO", "name": "GoalsTrainer", "asctime": "2021-06-01 17:45:27,342", "type": "train", "epoch": 16, "batch": 8799, "n_batches": 10946, "time": 0.214, "data_time": 0.002, "lr": 0.0001, "loss": 202.294}
{"message": null, "levelname": "INFO", "name": "GoalsTrainer", "asctime": "2021-06-01 17:46:00,618", "type": "train", "epoch": 16, "batch": 9599, "n_batches": 10946, "time": 0.332, "data_time": 0.002, "lr": 0.0001, "loss": 251.291}
{"message": null, "levelname": "INFO", "name": "GoalsTrainer", "asctime": "2021-06-01 17:46:32,095", "type": "train", "epoch": 16, "batch": 10399, "n_batches": 10946, "time": 0.352, "data_time": 0.002, "lr": 0.0001, "loss": 214.238}
{"message": null, "levelname": "INFO", "name": "GoalsTrainer", "asctime": "2021-06-01 17:46:53,533", "type": "train-epoch", "epoch": 17, "loss": 28.51158, "time": 435.1}
{"message": null, "levelname": "INFO", "name": "GoalsTrainer", "asctime": "2021-06-01 17:47:26,116", "type": "val-epoch", "epoch": 17, "loss": 0.0, "test_loss": 29.538, "time": 32.6}
{"message": null, "levelname": "INFO", "name": "GoalsTrainer", "asctime": "2021-06-01 17:47:59,405", "type": "train", "epoch": 17, "batch": 799, "n_batches": 10946, "time": 0.186, "data_time": 0.001, "lr": 0.0001, "loss": 182.475}
{"message": null, "levelname": "INFO", "name": "GoalsTrainer", "asctime": "2021-06-01 17:48:30,551", "type": "train", "epoch": 17, "batch": 1599, "n_batches": 10946, "time": 0.414, "data_time": 0.002, "lr": 0.0001, "loss": 273.243}
{"message": null, "levelname": "INFO", "name": "GoalsTrainer", "asctime": "2021-06-01 17:49:03,893", "type": "train", "epoch": 17, "batch": 2399, "n_batches": 10946, "time": 0.28, "data_time": 0.002, "lr": 0.0001, "loss": 200.492}
{"message": null, "levelname": "INFO", "name": "GoalsTrainer", "asctime": "2021-06-01 17:49:35,316", "type": "train", "epoch": 17, "batch": 3199, "n_batches": 10946, "time": 0.352, "data_time": 0.002, "lr": 0.0001, "loss": 250.281}
{"message": null, "levelname": "INFO", "name": "GoalsTrainer", "asctime": "2021-06-01 17:50:06,238", "type": "train", "epoch": 17, "batch": 3999, "n_batches": 10946, "time": 0.362, "data_time": 0.003, "lr": 0.0001, "loss": 219.1}
{"message": null, "levelname": "INFO", "name": "GoalsTrainer", "asctime": "2021-06-01 17:50:37,385", "type": "train", "epoch": 17, "batch": 4799, "n_batches": 10946, "time": 0.301, "data_time": 0.002, "lr": 0.0001, "loss": 257.743}
{"message": null, "levelname": "INFO", "name": "GoalsTrainer", "asctime": "2021-06-01 17:51:08,598", "type": "train", "epoch": 17, "batch": 5599, "n_batches": 10946, "time": 0.449, "data_time": 0.003, "lr": 0.0001, "loss": 252.135}
{"message": null, "levelname": "INFO", "name": "GoalsTrainer", "asctime": "2021-06-01 17:51:40,493", "type": "train", "epoch": 17, "batch": 6399, "n_batches": 10946, "time": 0.453, "data_time": 0.002, "lr": 0.0001, "loss": 332.795}
{"message": null, "levelname": "INFO", "name": "GoalsTrainer", "asctime": "2021-06-01 17:52:13,583", "type": "train", "epoch": 17, "batch": 7199, "n_batches": 10946, "time": 0.421, "data_time": 0.003, "lr": 0.0001, "loss": 229.061}
{"message": null, "levelname": "INFO", "name": "GoalsTrainer", "asctime": "2021-06-01 17:52:47,065", "type": "train", "epoch": 17, "batch": 7999, "n_batches": 10946, "time": 0.34, "data_time": 0.001, "lr": 0.0001, "loss": 262.81}
{"message": null, "levelname": "INFO", "name": "GoalsTrainer", "asctime": "2021-06-01 17:53:18,130", "type": "train", "epoch": 17, "batch": 8799, "n_batches": 10946, "time": 0.285, "data_time": 0.002, "lr": 0.0001, "loss": 148.049}
{"message": null, "levelname": "INFO", "name": "GoalsTrainer", "asctime": "2021-06-01 17:53:49,650", "type": "train", "epoch": 17, "batch": 9599, "n_batches": 10946, "time": 0.242, "data_time": 0.001, "lr": 0.0001, "loss": 226.587}
{"message": null, "levelname": "INFO", "name": "GoalsTrainer", "asctime": "2021-06-01 17:54:24,436", "type": "train", "epoch": 17, "batch": 10399, "n_batches": 10946, "time": 0.362, "data_time": 0.001, "lr": 0.0001, "loss": 315.408}
{"message": null, "levelname": "INFO", "name": "GoalsTrainer", "asctime": "2021-06-01 17:54:46,175", "type": "train-epoch", "epoch": 18, "loss": 28.49813, "time": 440.1}
{"message": null, "levelname": "INFO", "name": "GoalsTrainer", "asctime": "2021-06-01 17:55:18,335", "type": "val-epoch", "epoch": 18, "loss": 0.0, "test_loss": 29.554, "time": 32.2}
{"message": null, "levelname": "INFO", "name": "GoalsTrainer", "asctime": "2021-06-01 17:55:48,985", "type": "train", "epoch": 18, "batch": 799, "n_batches": 10946, "time": 0.277, "data_time": 0.002, "lr": 0.0001, "loss": 297.284}
{"message": null, "levelname": "INFO", "name": "GoalsTrainer", "asctime": "2021-06-01 17:56:20,863", "type": "train", "epoch": 18, "batch": 1599, "n_batches": 10946, "time": 0.359, "data_time": 0.002, "lr": 0.0001, "loss": 313.603}
{"message": null, "levelname": "INFO", "name": "GoalsTrainer", "asctime": "2021-06-01 17:56:52,057", "type": "train", "epoch": 18, "batch": 2399, "n_batches": 10946, "time": 0.233, "data_time": 0.0, "lr": 0.0001, "loss": 172.883}
{"message": null, "levelname": "INFO", "name": "GoalsTrainer", "asctime": "2021-06-01 17:57:23,560", "type": "train", "epoch": 18, "batch": 3199, "n_batches": 10946, "time": 0.278, "data_time": 0.003, "lr": 0.0001, "loss": 250.233}
{"message": null, "levelname": "INFO", "name": "GoalsTrainer", "asctime": "2021-06-01 17:57:57,585", "type": "train", "epoch": 18, "batch": 3999, "n_batches": 10946, "time": 0.302, "data_time": 0.002, "lr": 0.0001, "loss": 263.645}
{"message": null, "levelname": "INFO", "name": "GoalsTrainer", "asctime": "2021-06-01 17:58:29,239", "type": "train", "epoch": 18, "batch": 4799, "n_batches": 10946, "time": 0.277, "data_time": 0.002, "lr": 0.0001, "loss": 265.05}
{"message": null, "levelname": "INFO", "name": "GoalsTrainer", "asctime": "2021-06-01 17:58:59,543", "type": "train", "epoch": 18, "batch": 5599, "n_batches": 10946, "time": 0.247, "data_time": 0.001, "lr": 0.0001, "loss": 173.242}
{"message": null, "levelname": "INFO", "name": "GoalsTrainer", "asctime": "2021-06-01 17:59:31,812", "type": "train", "epoch": 18, "batch": 6399, "n_batches": 10946, "time": 0.315, "data_time": 0.001, "lr": 0.0001, "loss": 251.88}
{"message": null, "levelname": "INFO", "name": "GoalsTrainer", "asctime": "2021-06-01 18:00:03,881", "type": "train", "epoch": 18, "batch": 7199, "n_batches": 10946, "time": 0.393, "data_time": 0.002, "lr": 0.0001, "loss": 245.849}
{"message": null, "levelname": "INFO", "name": "GoalsTrainer", "asctime": "2021-06-01 18:00:34,810", "type": "train", "epoch": 18, "batch": 7999, "n_batches": 10946, "time": 0.333, "data_time": 0.001, "lr": 0.0001, "loss": 269.066}
{"message": null, "levelname": "INFO", "name": "GoalsTrainer", "asctime": "2021-06-01 18:01:06,540", "type": "train", "epoch": 18, "batch": 8799, "n_batches": 10946, "time": 0.262, "data_time": 0.002, "lr": 0.0001, "loss": 175.903}
{"message": null, "levelname": "INFO", "name": "GoalsTrainer", "asctime": "2021-06-01 18:01:38,197", "type": "train", "epoch": 18, "batch": 9599, "n_batches": 10946, "time": 0.3, "data_time": 0.002, "lr": 0.0001, "loss": 196.82}
{"message": null, "levelname": "INFO", "name": "GoalsTrainer", "asctime": "2021-06-01 18:02:09,147", "type": "train", "epoch": 18, "batch": 10399, "n_batches": 10946, "time": 0.277, "data_time": 0.001, "lr": 0.0001, "loss": 180.471}
{"message": null, "levelname": "INFO", "name": "GoalsTrainer", "asctime": "2021-06-01 18:02:30,289", "type": "train-epoch", "epoch": 19, "loss": 28.39576, "time": 432.0}
{"message": null, "levelname": "INFO", "name": "GoalsTrainer", "asctime": "2021-06-01 18:03:02,500", "type": "val-epoch", "epoch": 19, "loss": 0.0, "test_loss": 29.494, "time": 32.2}
{"message": null, "levelname": "INFO", "name": "GoalsTrainer", "asctime": "2021-06-01 18:03:33,586", "type": "train", "epoch": 19, "batch": 799, "n_batches": 10946, "time": 0.309, "data_time": 0.003, "lr": 0.0001, "loss": 232.314}
{"message": null, "levelname": "INFO", "name": "GoalsTrainer", "asctime": "2021-06-01 18:04:05,946", "type": "train", "epoch": 19, "batch": 1599, "n_batches": 10946, "time": 0.35, "data_time": 0.002, "lr": 0.0001, "loss": 322.997}
{"message": null, "levelname": "INFO", "name": "GoalsTrainer", "asctime": "2021-06-01 18:04:35,957", "type": "train", "epoch": 19, "batch": 2399, "n_batches": 10946, "time": 0.174, "data_time": 0.002, "lr": 0.0001, "loss": 123.093}
{"message": null, "levelname": "INFO", "name": "GoalsTrainer", "asctime": "2021-06-01 18:05:06,746", "type": "train", "epoch": 19, "batch": 3199, "n_batches": 10946, "time": 0.375, "data_time": 0.003, "lr": 0.0001, "loss": 198.368}
{"message": null, "levelname": "INFO", "name": "GoalsTrainer", "asctime": "2021-06-01 18:05:37,723", "type": "train", "epoch": 19, "batch": 3999, "n_batches": 10946, "time": 0.324, "data_time": 0.003, "lr": 0.0001, "loss": 242.578}
{"message": null, "levelname": "INFO", "name": "GoalsTrainer", "asctime": "2021-06-01 18:06:09,333", "type": "train", "epoch": 19, "batch": 4799, "n_batches": 10946, "time": 0.466, "data_time": 0.003, "lr": 0.0001, "loss": 371.531}
{"message": null, "levelname": "INFO", "name": "GoalsTrainer", "asctime": "2021-06-01 18:06:40,978", "type": "train", "epoch": 19, "batch": 5599, "n_batches": 10946, "time": 0.341, "data_time": 0.0, "lr": 0.0001, "loss": 263.028}
{"message": null, "levelname": "INFO", "name": "GoalsTrainer", "asctime": "2021-06-01 18:07:12,399", "type": "train", "epoch": 19, "batch": 6399, "n_batches": 10946, "time": 0.336, "data_time": 0.001, "lr": 0.0001, "loss": 279.136}
{"message": null, "levelname": "INFO", "name": "GoalsTrainer", "asctime": "2021-06-01 18:07:47,632", "type": "train", "epoch": 19, "batch": 7199, "n_batches": 10946, "time": 0.316, "data_time": 0.002, "lr": 0.0001, "loss": 263.757}
{"message": null, "levelname": "INFO", "name": "GoalsTrainer", "asctime": "2021-06-01 18:08:19,145", "type": "train", "epoch": 19, "batch": 7999, "n_batches": 10946, "time": 0.404, "data_time": 0.001, "lr": 0.0001, "loss": 295.183}
{"message": null, "levelname": "INFO", "name": "GoalsTrainer", "asctime": "2021-06-01 18:08:49,974", "type": "train", "epoch": 19, "batch": 8799, "n_batches": 10946, "time": 0.329, "data_time": 0.002, "lr": 0.0001, "loss": 281.695}
{"message": null, "levelname": "INFO", "name": "GoalsTrainer", "asctime": "2021-06-01 18:09:22,314", "type": "train", "epoch": 19, "batch": 9599, "n_batches": 10946, "time": 0.399, "data_time": 0.003, "lr": 0.0001, "loss": 254.585}
{"message": null, "levelname": "INFO", "name": "GoalsTrainer", "asctime": "2021-06-01 18:09:52,770", "type": "train", "epoch": 19, "batch": 10399, "n_batches": 10946, "time": 0.215, "data_time": 0.002, "lr": 0.0001, "loss": 138.087}
{"message": null, "levelname": "INFO", "name": "GoalsTrainer", "asctime": "2021-06-01 18:10:14,070", "type": "train-epoch", "epoch": 20, "loss": 28.43399, "time": 431.6}
{"message": null, "levelname": "INFO", "name": "GoalsTrainer", "asctime": "2021-06-01 18:10:46,326", "type": "val-epoch", "epoch": 20, "loss": 0.0, "test_loss": 29.475, "time": 32.3}
{"message": null, "levelname": "INFO", "name": "GoalsTrainer", "asctime": "2021-06-01 18:11:17,417", "type": "train", "epoch": 20, "batch": 799, "n_batches": 10946, "time": 0.35, "data_time": 0.003, "lr": 1e-05, "loss": 234.843}
{"message": null, "levelname": "INFO", "name": "GoalsTrainer", "asctime": "2021-06-01 18:11:48,191", "type": "train", "epoch": 20, "batch": 1599, "n_batches": 10946, "time": 0.316, "data_time": 0.001, "lr": 1e-05, "loss": 214.908}
{"message": null, "levelname": "INFO", "name": "GoalsTrainer", "asctime": "2021-06-01 18:12:20,189", "type": "train", "epoch": 20, "batch": 2399, "n_batches": 10946, "time": 0.155, "data_time": 0.001, "lr": 1e-05, "loss": 130.733}
{"message": null, "levelname": "INFO", "name": "GoalsTrainer", "asctime": "2021-06-01 18:12:51,629", "type": "train", "epoch": 20, "batch": 3199, "n_batches": 10946, "time": 0.261, "data_time": 0.003, "lr": 1e-05, "loss": 328.042}
{"message": null, "levelname": "INFO", "name": "GoalsTrainer", "asctime": "2021-06-01 18:13:22,015", "type": "train", "epoch": 20, "batch": 3999, "n_batches": 10946, "time": 0.254, "data_time": 0.003, "lr": 1e-05, "loss": 153.765}
{"message": null, "levelname": "INFO", "name": "GoalsTrainer", "asctime": "2021-06-01 18:13:53,058", "type": "train", "epoch": 20, "batch": 4799, "n_batches": 10946, "time": 0.332, "data_time": 0.003, "lr": 1e-05, "loss": 259.155}
{"message": null, "levelname": "INFO", "name": "GoalsTrainer", "asctime": "2021-06-01 18:14:25,121", "type": "train", "epoch": 20, "batch": 5599, "n_batches": 10946, "time": 0.313, "data_time": 0.002, "lr": 1e-05, "loss": 264.5}
{"message": null, "levelname": "INFO", "name": "GoalsTrainer", "asctime": "2021-06-01 18:14:58,037", "type": "train", "epoch": 20, "batch": 6399, "n_batches": 10946, "time": 0.302, "data_time": 0.003, "lr": 1e-05, "loss": 260.327}
{"message": null, "levelname": "INFO", "name": "GoalsTrainer", "asctime": "2021-06-01 18:15:29,047", "type": "train", "epoch": 20, "batch": 7199, "n_batches": 10946, "time": 0.258, "data_time": 0.001, "lr": 1e-05, "loss": 189.159}
{"message": null, "levelname": "INFO", "name": "GoalsTrainer", "asctime": "2021-06-01 18:16:02,179", "type": "train", "epoch": 20, "batch": 7999, "n_batches": 10946, "time": 0.198, "data_time": 0.002, "lr": 1e-05, "loss": 120.403}
{"message": null, "levelname": "INFO", "name": "GoalsTrainer", "asctime": "2021-06-01 18:16:34,329", "type": "train", "epoch": 20, "batch": 8799, "n_batches": 10946, "time": 0.433, "data_time": 0.003, "lr": 1e-05, "loss": 315.564}
{"message": null, "levelname": "INFO", "name": "GoalsTrainer", "asctime": "2021-06-01 18:17:04,103", "type": "train", "epoch": 20, "batch": 9599, "n_batches": 10946, "time": 0.262, "data_time": 0.002, "lr": 1e-05, "loss": 208.324}
{"message": null, "levelname": "INFO", "name": "GoalsTrainer", "asctime": "2021-06-01 18:17:36,060", "type": "train", "epoch": 20, "batch": 10399, "n_batches": 10946, "time": 0.379, "data_time": 0.002, "lr": 1e-05, "loss": 212.672}
{"message": null, "levelname": "INFO", "name": "GoalsTrainer", "asctime": "2021-06-01 18:17:58,975", "type": "train-epoch", "epoch": 21, "loss": 28.39374, "time": 432.6}
{"message": null, "levelname": "INFO", "name": "GoalsTrainer", "asctime": "2021-06-01 18:18:31,707", "type": "val-epoch", "epoch": 21, "loss": 0.0, "test_loss": 29.348, "time": 32.7}
{"message": null, "levelname": "INFO", "name": "GoalsTrainer", "asctime": "2021-06-01 18:19:03,082", "type": "train", "epoch": 21, "batch": 799, "n_batches": 10946, "time": 0.248, "data_time": 0.002, "lr": 1e-05, "loss": 214.645}
{"message": null, "levelname": "INFO", "name": "GoalsTrainer", "asctime": "2021-06-01 18:19:35,240", "type": "train", "epoch": 21, "batch": 1599, "n_batches": 10946, "time": 0.228, "data_time": 0.001, "lr": 1e-05, "loss": 140.814}
{"message": null, "levelname": "INFO", "name": "GoalsTrainer", "asctime": "2021-06-01 18:20:05,246", "type": "train", "epoch": 21, "batch": 2399, "n_batches": 10946, "time": 0.328, "data_time": 0.002, "lr": 1e-05, "loss": 268.225}
{"message": null, "levelname": "INFO", "name": "GoalsTrainer", "asctime": "2021-06-01 18:20:36,527", "type": "train", "epoch": 21, "batch": 3199, "n_batches": 10946, "time": 0.375, "data_time": 0.002, "lr": 1e-05, "loss": 258.015}
{"message": null, "levelname": "INFO", "name": "GoalsTrainer", "asctime": "2021-06-01 18:21:07,484", "type": "train", "epoch": 21, "batch": 3999, "n_batches": 10946, "time": 0.379, "data_time": 0.002, "lr": 1e-05, "loss": 208.927}
{"message": null, "levelname": "INFO", "name": "GoalsTrainer", "asctime": "2021-06-01 18:21:38,540", "type": "train", "epoch": 21, "batch": 4799, "n_batches": 10946, "time": 0.296, "data_time": 0.001, "lr": 1e-05, "loss": 205.015}
{"message": null, "levelname": "INFO", "name": "GoalsTrainer", "asctime": "2021-06-01 18:22:09,428", "type": "train", "epoch": 21, "batch": 5599, "n_batches": 10946, "time": 0.286, "data_time": 0.001, "lr": 1e-05, "loss": 218.378}
{"message": null, "levelname": "INFO", "name": "GoalsTrainer", "asctime": "2021-06-01 18:22:40,925", "type": "train", "epoch": 21, "batch": 6399, "n_batches": 10946, "time": 0.351, "data_time": 0.003, "lr": 1e-05, "loss": 169.646}
{"message": null, "levelname": "INFO", "name": "GoalsTrainer", "asctime": "2021-06-01 18:23:13,061", "type": "train", "epoch": 21, "batch": 7199, "n_batches": 10946, "time": 0.385, "data_time": 0.001, "lr": 1e-05, "loss": 255.333}
{"message": null, "levelname": "INFO", "name": "GoalsTrainer", "asctime": "2021-06-01 18:23:43,937", "type": "train", "epoch": 21, "batch": 7999, "n_batches": 10946, "time": 0.303, "data_time": 0.002, "lr": 1e-05, "loss": 304.484}
{"message": null, "levelname": "INFO", "name": "GoalsTrainer", "asctime": "2021-06-01 18:24:16,196", "type": "train", "epoch": 21, "batch": 8799, "n_batches": 10946, "time": 0.333, "data_time": 0.002, "lr": 1e-05, "loss": 252.851}
{"message": null, "levelname": "INFO", "name": "GoalsTrainer", "asctime": "2021-06-01 18:24:47,639", "type": "train", "epoch": 21, "batch": 9599, "n_batches": 10946, "time": 0.333, "data_time": 0.003, "lr": 1e-05, "loss": 218.718}
{"message": null, "levelname": "INFO", "name": "GoalsTrainer", "asctime": "2021-06-01 18:25:19,097", "type": "train", "epoch": 21, "batch": 10399, "n_batches": 10946, "time": 0.29, "data_time": 0.002, "lr": 1e-05, "loss": 289.631}
{"message": null, "levelname": "INFO", "name": "GoalsTrainer", "asctime": "2021-06-01 18:25:40,525", "type": "train-epoch", "epoch": 22, "loss": 28.36539, "time": 428.8}
{"message": null, "levelname": "INFO", "name": "GoalsTrainer", "asctime": "2021-06-01 18:26:12,635", "type": "val-epoch", "epoch": 22, "loss": 0.0, "test_loss": 29.376, "time": 32.1}
{"message": null, "levelname": "INFO", "name": "GoalsTrainer", "asctime": "2021-06-01 18:26:43,996", "type": "train", "epoch": 22, "batch": 799, "n_batches": 10946, "time": 0.17, "data_time": 0.001, "lr": 1e-05, "loss": 131.31}
{"message": null, "levelname": "INFO", "name": "GoalsTrainer", "asctime": "2021-06-01 18:27:15,230", "type": "train", "epoch": 22, "batch": 1599, "n_batches": 10946, "time": 0.301, "data_time": 0.003, "lr": 1e-05, "loss": 184.855}
{"message": null, "levelname": "INFO", "name": "GoalsTrainer", "asctime": "2021-06-01 18:27:48,983", "type": "train", "epoch": 22, "batch": 2399, "n_batches": 10946, "time": 0.269, "data_time": 0.003, "lr": 1e-05, "loss": 190.259}
{"message": null, "levelname": "INFO", "name": "GoalsTrainer", "asctime": "2021-06-01 18:28:20,042", "type": "train", "epoch": 22, "batch": 3199, "n_batches": 10946, "time": 0.311, "data_time": 0.003, "lr": 1e-05, "loss": 244.384}
{"message": null, "levelname": "INFO", "name": "GoalsTrainer", "asctime": "2021-06-01 18:28:52,818", "type": "train", "epoch": 22, "batch": 3999, "n_batches": 10946, "time": 0.265, "data_time": 0.001, "lr": 1e-05, "loss": 166.891}
{"message": null, "levelname": "INFO", "name": "GoalsTrainer", "asctime": "2021-06-01 18:29:24,407", "type": "train", "epoch": 22, "batch": 4799, "n_batches": 10946, "time": 0.345, "data_time": 0.002, "lr": 1e-05, "loss": 219.802}
{"message": null, "levelname": "INFO", "name": "GoalsTrainer", "asctime": "2021-06-01 18:29:54,556", "type": "train", "epoch": 22, "batch": 5599, "n_batches": 10946, "time": 0.214, "data_time": 0.0, "lr": 1e-05, "loss": 127.677}
{"message": null, "levelname": "INFO", "name": "GoalsTrainer", "asctime": "2021-06-01 18:30:26,327", "type": "train", "epoch": 22, "batch": 6399, "n_batches": 10946, "time": 0.388, "data_time": 0.003, "lr": 1e-05, "loss": 224.822}
{"message": null, "levelname": "INFO", "name": "GoalsTrainer", "asctime": "2021-06-01 18:30:58,372", "type": "train", "epoch": 22, "batch": 7199, "n_batches": 10946, "time": 0.29, "data_time": 0.002, "lr": 1e-05, "loss": 209.629}
{"message": null, "levelname": "INFO", "name": "GoalsTrainer", "asctime": "2021-06-01 18:31:28,571", "type": "train", "epoch": 22, "batch": 7999, "n_batches": 10946, "time": 0.28, "data_time": 0.002, "lr": 1e-05, "loss": 186.011}
{"message": null, "levelname": "INFO", "name": "GoalsTrainer", "asctime": "2021-06-01 18:31:59,840", "type": "train", "epoch": 22, "batch": 8799, "n_batches": 10946, "time": 0.344, "data_time": 0.002, "lr": 1e-05, "loss": 203.665}
{"message": null, "levelname": "INFO", "name": "GoalsTrainer", "asctime": "2021-06-01 18:32:31,329", "type": "train", "epoch": 22, "batch": 9599, "n_batches": 10946, "time": 0.347, "data_time": 0.003, "lr": 1e-05, "loss": 284.895}
{"message": null, "levelname": "INFO", "name": "GoalsTrainer", "asctime": "2021-06-01 18:33:02,541", "type": "train", "epoch": 22, "batch": 10399, "n_batches": 10946, "time": 0.291, "data_time": 0.002, "lr": 1e-05, "loss": 211.191}
{"message": null, "levelname": "INFO", "name": "GoalsTrainer", "asctime": "2021-06-01 18:33:24,256", "type": "train-epoch", "epoch": 23, "loss": 28.32947, "time": 431.6}
{"message": null, "levelname": "INFO", "name": "GoalsTrainer", "asctime": "2021-06-01 18:33:56,494", "type": "val-epoch", "epoch": 23, "loss": 0.0, "test_loss": 29.392, "time": 32.2}
{"message": null, "levelname": "INFO", "name": "GoalsTrainer", "asctime": "2021-06-01 18:34:28,077", "type": "train", "epoch": 23, "batch": 799, "n_batches": 10946, "time": 0.421, "data_time": 0.002, "lr": 1e-05, "loss": 278.591}
{"message": null, "levelname": "INFO", "name": "GoalsTrainer", "asctime": "2021-06-01 18:35:00,323", "type": "train", "epoch": 23, "batch": 1599, "n_batches": 10946, "time": 0.428, "data_time": 0.001, "lr": 1e-05, "loss": 250.089}
{"message": null, "levelname": "INFO", "name": "GoalsTrainer", "asctime": "2021-06-01 18:35:31,638", "type": "train", "epoch": 23, "batch": 2399, "n_batches": 10946, "time": 0.345, "data_time": 0.001, "lr": 1e-05, "loss": 199.946}
{"message": null, "levelname": "INFO", "name": "GoalsTrainer", "asctime": "2021-06-01 18:36:02,800", "type": "train", "epoch": 23, "batch": 3199, "n_batches": 10946, "time": 0.33, "data_time": 0.003, "lr": 1e-05, "loss": 248.806}
{"message": null, "levelname": "INFO", "name": "GoalsTrainer", "asctime": "2021-06-01 18:36:32,379", "type": "train", "epoch": 23, "batch": 3999, "n_batches": 10946, "time": 0.286, "data_time": 0.002, "lr": 1e-05, "loss": 257.331}
{"message": null, "levelname": "INFO", "name": "GoalsTrainer", "asctime": "2021-06-01 18:37:03,704", "type": "train", "epoch": 23, "batch": 4799, "n_batches": 10946, "time": 0.293, "data_time": 0.003, "lr": 1e-05, "loss": 247.302}
{"message": null, "levelname": "INFO", "name": "GoalsTrainer", "asctime": "2021-06-01 18:37:36,814", "type": "train", "epoch": 23, "batch": 5599, "n_batches": 10946, "time": 0.5, "data_time": 0.003, "lr": 1e-05, "loss": 237.823}
{"message": null, "levelname": "INFO", "name": "GoalsTrainer", "asctime": "2021-06-01 18:38:10,417", "type": "train", "epoch": 23, "batch": 6399, "n_batches": 10946, "time": 0.318, "data_time": 0.002, "lr": 1e-05, "loss": 213.885}
{"message": null, "levelname": "INFO", "name": "GoalsTrainer", "asctime": "2021-06-01 18:38:42,396", "type": "train", "epoch": 23, "batch": 7199, "n_batches": 10946, "time": 0.341, "data_time": 0.003, "lr": 1e-05, "loss": 208.07}
{"message": null, "levelname": "INFO", "name": "GoalsTrainer", "asctime": "2021-06-01 18:39:12,807", "type": "train", "epoch": 23, "batch": 7999, "n_batches": 10946, "time": 0.382, "data_time": 0.003, "lr": 1e-05, "loss": 317.641}
{"message": null, "levelname": "INFO", "name": "GoalsTrainer", "asctime": "2021-06-01 18:39:44,723", "type": "train", "epoch": 23, "batch": 8799, "n_batches": 10946, "time": 0.291, "data_time": 0.001, "lr": 1e-05, "loss": 172.806}
{"message": null, "levelname": "INFO", "name": "GoalsTrainer", "asctime": "2021-06-01 18:40:16,463", "type": "train", "epoch": 23, "batch": 9599, "n_batches": 10946, "time": 0.33, "data_time": 0.002, "lr": 1e-05, "loss": 258.944}
{"message": null, "levelname": "INFO", "name": "GoalsTrainer", "asctime": "2021-06-01 18:40:46,921", "type": "train", "epoch": 23, "batch": 10399, "n_batches": 10946, "time": 0.291, "data_time": 0.002, "lr": 1e-05, "loss": 243.98}
{"message": null, "levelname": "INFO", "name": "GoalsTrainer", "asctime": "2021-06-01 18:41:07,951", "type": "train-epoch", "epoch": 24, "loss": 28.32378, "time": 431.5}
{"message": null, "levelname": "INFO", "name": "GoalsTrainer", "asctime": "2021-06-01 18:41:40,330", "type": "val-epoch", "epoch": 24, "loss": 0.0, "test_loss": 29.406, "time": 32.4}
{"message": null, "levelname": "INFO", "name": "GoalsTrainer", "asctime": "2021-06-01 18:42:11,289", "type": "train", "epoch": 24, "batch": 799, "n_batches": 10946, "time": 0.244, "data_time": 0.003, "lr": 1e-05, "loss": 156.727}
{"message": null, "levelname": "INFO", "name": "GoalsTrainer", "asctime": "2021-06-01 18:42:42,818", "type": "train", "epoch": 24, "batch": 1599, "n_batches": 10946, "time": 0.351, "data_time": 0.001, "lr": 1e-05, "loss": 164.791}
{"message": null, "levelname": "INFO", "name": "GoalsTrainer", "asctime": "2021-06-01 18:43:15,187", "type": "train", "epoch": 24, "batch": 2399, "n_batches": 10946, "time": 0.299, "data_time": 0.002, "lr": 1e-05, "loss": 238.174}
{"message": null, "levelname": "INFO", "name": "GoalsTrainer", "asctime": "2021-06-01 18:43:46,288", "type": "train", "epoch": 24, "batch": 3199, "n_batches": 10946, "time": 0.247, "data_time": 0.001, "lr": 1e-05, "loss": 206.245}
{"message": null, "levelname": "INFO", "name": "GoalsTrainer", "asctime": "2021-06-01 18:44:18,036", "type": "train", "epoch": 24, "batch": 3999, "n_batches": 10946, "time": 0.248, "data_time": 0.003, "lr": 1e-05, "loss": 181.527}
{"message": null, "levelname": "INFO", "name": "GoalsTrainer", "asctime": "2021-06-01 18:44:49,864", "type": "train", "epoch": 24, "batch": 4799, "n_batches": 10946, "time": 0.303, "data_time": 0.001, "lr": 1e-05, "loss": 222.21}
{"message": null, "levelname": "INFO", "name": "GoalsTrainer", "asctime": "2021-06-01 18:45:21,279", "type": "train", "epoch": 24, "batch": 5599, "n_batches": 10946, "time": 0.313, "data_time": 0.003, "lr": 1e-05, "loss": 248.338}
{"message": null, "levelname": "INFO", "name": "GoalsTrainer", "asctime": "2021-06-01 18:45:53,173", "type": "train", "epoch": 24, "batch": 6399, "n_batches": 10946, "time": 0.286, "data_time": 0.001, "lr": 1e-05, "loss": 186.806}
{"message": null, "levelname": "INFO", "name": "GoalsTrainer", "asctime": "2021-06-01 18:46:22,870", "type": "train", "epoch": 24, "batch": 7199, "n_batches": 10946, "time": 0.285, "data_time": 0.003, "lr": 1e-05, "loss": 225.281}
{"message": null, "levelname": "INFO", "name": "GoalsTrainer", "asctime": "2021-06-01 18:46:54,202", "type": "train", "epoch": 24, "batch": 7999, "n_batches": 10946, "time": 0.304, "data_time": 0.002, "lr": 1e-05, "loss": 206.376}
{"message": null, "levelname": "INFO", "name": "GoalsTrainer", "asctime": "2021-06-01 18:47:27,362", "type": "train", "epoch": 24, "batch": 8799, "n_batches": 10946, "time": 0.366, "data_time": 0.001, "lr": 1e-05, "loss": 227.627}
{"message": null, "levelname": "INFO", "name": "GoalsTrainer", "asctime": "2021-06-01 18:48:00,360", "type": "train", "epoch": 24, "batch": 9599, "n_batches": 10946, "time": 0.266, "data_time": 0.002, "lr": 1e-05, "loss": 179.46}
{"message": null, "levelname": "INFO", "name": "GoalsTrainer", "asctime": "2021-06-01 18:48:31,407", "type": "train", "epoch": 24, "batch": 10399, "n_batches": 10946, "time": 0.267, "data_time": 0.001, "lr": 1e-05, "loss": 177.445}
{"message": null, "levelname": "INFO", "name": "GoalsTrainer", "asctime": "2021-06-01 18:48:52,959", "type": "train-epoch", "epoch": 25, "loss": 28.27619, "time": 432.6}
{"message": null, "levelname": "INFO", "name": "GoalsTrainer", "asctime": "2021-06-01 18:49:26,415", "type": "val-epoch", "epoch": 25, "loss": 0.0, "test_loss": 29.431, "time": 33.5}
{"message": null, "levelname": "INFO", "name": "GoalsTrainer", "asctime": "2021-06-01 18:49:58,291", "type": "train", "epoch": 25, "batch": 799, "n_batches": 10946, "time": 0.292, "data_time": 0.002, "lr": 1e-05, "loss": 211.71}
{"message": null, "levelname": "INFO", "name": "GoalsTrainer", "asctime": "2021-06-01 18:50:31,707", "type": "train", "epoch": 25, "batch": 1599, "n_batches": 10946, "time": 0.267, "data_time": 0.002, "lr": 1e-05, "loss": 222.833}
{"message": null, "levelname": "INFO", "name": "GoalsTrainer", "asctime": "2021-06-01 18:51:02,845", "type": "train", "epoch": 25, "batch": 2399, "n_batches": 10946, "time": 0.295, "data_time": 0.002, "lr": 1e-05, "loss": 201.588}
{"message": null, "levelname": "INFO", "name": "GoalsTrainer", "asctime": "2021-06-01 18:51:35,405", "type": "train", "epoch": 25, "batch": 3199, "n_batches": 10946, "time": 0.313, "data_time": 0.002, "lr": 1e-05, "loss": 196.189}
{"message": null, "levelname": "INFO", "name": "GoalsTrainer", "asctime": "2021-06-01 18:52:07,873", "type": "train", "epoch": 25, "batch": 3999, "n_batches": 10946, "time": 0.332, "data_time": 0.002, "lr": 1e-05, "loss": 225.55}
{"message": null, "levelname": "INFO", "name": "GoalsTrainer", "asctime": "2021-06-01 18:52:39,296", "type": "train", "epoch": 25, "batch": 4799, "n_batches": 10946, "time": 0.297, "data_time": 0.002, "lr": 1e-05, "loss": 238.826}
